{"/Users/leonardopimentelferreira/Projects/CarManager/App.js": {"path":"/Users/leonardopimentelferreira/Projects/CarManager/App.js","statementMap":{"0":{"start":{"line":15,"column":14},"end":{"line":15,"column":36}},"1":{"start":{"line":17,"column":14},"end":{"line":24,"column":1}},"2":{"start":{"line":27,"column":28},"end":{"line":27,"column":48}},"3":{"start":{"line":29,"column":2},"end":{"line":29,"column":38}},"4":{"start":{"line":29,"column":26},"end":{"line":29,"column":38}},"5":{"start":{"line":31,"column":2},"end":{"line":63,"column":4}},"6":{"start":{"line":38,"column":16},"end":{"line":42,"column":17}},"7":{"start":{"line":66,"column":4},"end":{"line":71,"column":5}},"8":{"start":{"line":75,"column":4},"end":{"line":82,"column":6}},"9":{"start":{"line":77,"column":8},"end":{"line":79,"column":15}},"10":{"start":{"line":78,"column":31},"end":{"line":78,"column":88}},"11":{"start":{"line":87,"column":20},"end":{"line":87,"column":65}},"12":{"start":{"line":88,"column":2},"end":{"line":88,"column":39}},"13":{"start":{"line":90,"column":2},"end":{"line":105,"column":3}},"14":{"start":{"line":92,"column":6},"end":{"line":92,"column":26}},"15":{"start":{"line":94,"column":6},"end":{"line":94,"column":30}},"16":{"start":{"line":96,"column":6},"end":{"line":96,"column":27}},"17":{"start":{"line":98,"column":6},"end":{"line":98,"column":25}},"18":{"start":{"line":100,"column":6},"end":{"line":100,"column":27}},"19":{"start":{"line":102,"column":6},"end":{"line":102,"column":27}},"20":{"start":{"line":104,"column":6},"end":{"line":104,"column":28}},"21":{"start":{"line":108,"column":15},"end":{"line":113,"column":2}}},"fnMap":{"0":{"name":"App","decl":{"start":{"line":26,"column":24},"end":{"line":26,"column":27}},"loc":{"start":{"line":26,"column":31},"end":{"line":84,"column":1}},"line":26},"1":{"name":"(anonymous_1)","decl":{"start":{"line":37,"column":83},"end":{"line":37,"column":84}},"loc":{"start":{"line":37,"column":108},"end":{"line":42,"column":18}},"line":37},"2":{"name":"getHeaderStyles","decl":{"start":{"line":65,"column":11},"end":{"line":65,"column":26}},"loc":{"start":{"line":65,"column":29},"end":{"line":72,"column":3}},"line":65},"3":{"name":"getOptionsNavigation","decl":{"start":{"line":74,"column":11},"end":{"line":74,"column":31}},"loc":{"start":{"line":74,"column":44},"end":{"line":83,"column":3}},"line":74},"4":{"name":"(anonymous_4)","decl":{"start":{"line":76,"column":19},"end":{"line":76,"column":20}},"loc":{"start":{"line":77,"column":8},"end":{"line":79,"column":15}},"line":77},"5":{"name":"(anonymous_5)","decl":{"start":{"line":78,"column":25},"end":{"line":78,"column":26}},"loc":{"start":{"line":78,"column":31},"end":{"line":78,"column":88}},"line":78},"6":{"name":"getHeaderTitle","decl":{"start":{"line":86,"column":9},"end":{"line":86,"column":23}},"loc":{"start":{"line":86,"column":31},"end":{"line":106,"column":1}},"line":86}},"branchMap":{"0":{"loc":{"start":{"line":29,"column":2},"end":{"line":29,"column":38}},"type":"if","locations":[{"start":{"line":29,"column":2},"end":{"line":29,"column":38}},{"start":{},"end":{}}],"line":29},"1":{"loc":{"start":{"line":87,"column":20},"end":{"line":87,"column":65}},"type":"binary-expr","locations":[{"start":{"line":87,"column":20},"end":{"line":87,"column":55}},{"start":{"line":87,"column":59},"end":{"line":87,"column":65}}],"line":87},"2":{"loc":{"start":{"line":90,"column":2},"end":{"line":105,"column":3}},"type":"switch","locations":[{"start":{"line":91,"column":4},"end":{"line":92,"column":26}},{"start":{"line":93,"column":4},"end":{"line":94,"column":30}},{"start":{"line":95,"column":4},"end":{"line":96,"column":27}},{"start":{"line":97,"column":4},"end":{"line":98,"column":25}},{"start":{"line":99,"column":4},"end":{"line":100,"column":27}},{"start":{"line":101,"column":4},"end":{"line":102,"column":27}},{"start":{"line":103,"column":4},"end":{"line":104,"column":28}}],"line":90}},"s":{"0":0,"1":0,"2":0,"3":0,"4":0,"5":0,"6":0,"7":0,"8":0,"9":0,"10":0,"11":0,"12":0,"13":0,"14":0,"15":0,"16":0,"17":0,"18":0,"19":0,"20":0,"21":0},"f":{"0":0,"1":0,"2":0,"3":0,"4":0,"5":0,"6":0},"b":{"0":[0,0],"1":[0,0],"2":[0,0,0,0,0,0,0]}}
,"/Users/leonardopimentelferreira/Projects/CarManager/eslint.config.js": {"path":"/Users/leonardopimentelferreira/Projects/CarManager/eslint.config.js","statementMap":{"0":{"start":{"line":2,"column":25},"end":{"line":2,"column":49}},"1":{"start":{"line":3,"column":19},"end":{"line":3,"column":53}},"2":{"start":{"line":5,"column":0},"end":{"line":10,"column":3}}},"fnMap":{},"branchMap":{},"s":{"0":0,"1":0,"2":0},"f":{},"b":{}}
,"/Users/leonardopimentelferreira/Projects/CarManager/components/Bell.js": {"path":"/Users/leonardopimentelferreira/Projects/CarManager/components/Bell.js","statementMap":{"0":{"start":{"line":7,"column":15},"end":{"line":13,"column":2}},"1":{"start":{"line":17,"column":42},"end":{"line":17,"column":64}},"2":{"start":{"line":19,"column":4},"end":{"line":21,"column":16}},"3":{"start":{"line":20,"column":8},"end":{"line":20,"column":16}},"4":{"start":{"line":23,"column":4},"end":{"line":26,"column":7}},"5":{"start":{"line":24,"column":84},"end":{"line":24,"column":99}}},"fnMap":{"0":{"name":"Bell","decl":{"start":{"line":15,"column":9},"end":{"line":15,"column":13}},"loc":{"start":{"line":16,"column":0},"end":{"line":27,"column":1}},"line":16},"1":{"name":"(anonymous_1)","decl":{"start":{"line":19,"column":14},"end":{"line":19,"column":15}},"loc":{"start":{"line":19,"column":20},"end":{"line":21,"column":5}},"line":19},"2":{"name":"(anonymous_2)","decl":{"start":{"line":24,"column":78},"end":{"line":24,"column":79}},"loc":{"start":{"line":24,"column":84},"end":{"line":24,"column":99}},"line":24}},"branchMap":{},"s":{"0":0,"1":0,"2":0,"3":0,"4":0,"5":0},"f":{"0":0,"1":0,"2":0},"b":{}}
,"/Users/leonardopimentelferreira/Projects/CarManager/components/Loading.js": {"path":"/Users/leonardopimentelferreira/Projects/CarManager/components/Loading.js","statementMap":{"0":{"start":{"line":6,"column":2},"end":{"line":6,"column":225}}},"fnMap":{"0":{"name":"Loading","decl":{"start":{"line":5,"column":16},"end":{"line":5,"column":23}},"loc":{"start":{"line":5,"column":31},"end":{"line":7,"column":1}},"line":5}},"branchMap":{"0":{"loc":{"start":{"line":6,"column":9},"end":{"line":6,"column":224}},"type":"binary-expr","locations":[{"start":{"line":6,"column":9},"end":{"line":6,"column":22}},{"start":{"line":6,"column":26},"end":{"line":6,"column":224}}],"line":6}},"s":{"0":0},"f":{"0":0},"b":{"0":[0,0]}}
,"/Users/leonardopimentelferreira/Projects/CarManager/components/VehiclePicker.js": {"path":"/Users/leonardopimentelferreira/Projects/CarManager/components/VehiclePicker.js","statementMap":{"0":{"start":{"line":7,"column":22},"end":{"line":33,"column":1}},"1":{"start":{"line":8,"column":2},"end":{"line":10,"column":3}},"2":{"start":{"line":9,"column":4},"end":{"line":9,"column":16}},"3":{"start":{"line":12,"column":2},"end":{"line":32,"column":4}},"4":{"start":{"line":19,"column":8},"end":{"line":19,"column":32}},"5":{"start":{"line":20,"column":8},"end":{"line":20,"column":46}},"6":{"start":{"line":25,"column":8},"end":{"line":29,"column":10}}},"fnMap":{"0":{"name":"(anonymous_0)","decl":{"start":{"line":7,"column":22},"end":{"line":7,"column":23}},"loc":{"start":{"line":7,"column":72},"end":{"line":33,"column":1}},"line":7},"1":{"name":"(anonymous_1)","decl":{"start":{"line":18,"column":21},"end":{"line":18,"column":22}},"loc":{"start":{"line":18,"column":42},"end":{"line":21,"column":7}},"line":18},"2":{"name":"(anonymous_2)","decl":{"start":{"line":24,"column":20},"end":{"line":24,"column":21}},"loc":{"start":{"line":25,"column":8},"end":{"line":29,"column":10}},"line":25}},"branchMap":{"0":{"loc":{"start":{"line":8,"column":2},"end":{"line":10,"column":3}},"type":"if","locations":[{"start":{"line":8,"column":2},"end":{"line":10,"column":3}},{"start":{},"end":{}}],"line":8}},"s":{"0":1,"1":4,"2":2,"3":2,"4":1,"5":1,"6":6},"f":{"0":4,"1":1,"2":6},"b":{"0":[2,2]},"_coverageSchema":"1a1c01bbd47fc00a2c39e90264f33305004495a9","hash":"1e2c7c3dea1a12240abd1e1fdd835971488461c5"}
,"/Users/leonardopimentelferreira/Projects/CarManager/constants/Colors.js": {"path":"/Users/leonardopimentelferreira/Projects/CarManager/constants/Colors.js","statementMap":{"0":{"start":{"line":3,"column":18},"end":{"line":3,"column":27}}},"fnMap":{},"branchMap":{},"s":{"0":0},"f":{},"b":{}}
,"/Users/leonardopimentelferreira/Projects/CarManager/constants/Layout.js": {"path":"/Users/leonardopimentelferreira/Projects/CarManager/constants/Layout.js","statementMap":{"0":{"start":{"line":3,"column":14},"end":{"line":3,"column":44}},"1":{"start":{"line":4,"column":15},"end":{"line":4,"column":46}}},"fnMap":{},"branchMap":{},"s":{"0":0,"1":0},"f":{},"b":{}}
,"/Users/leonardopimentelferreira/Projects/CarManager/constants/fuel.js": {"path":"/Users/leonardopimentelferreira/Projects/CarManager/constants/fuel.js","statementMap":{"0":{"start":{"line":3,"column":14},"end":{"line":3,"column":223}},"1":{"start":{"line":5,"column":22},"end":{"line":19,"column":2}},"2":{"start":{"line":21,"column":19},"end":{"line":54,"column":1}},"3":{"start":{"line":56,"column":25},"end":{"line":56,"column":28}},"4":{"start":{"line":58,"column":26},"end":{"line":58,"column":29}}},"fnMap":{},"branchMap":{},"s":{"0":0,"1":0,"2":0,"3":0,"4":0},"f":{},"b":{}}
,"/Users/leonardopimentelferreira/Projects/CarManager/database/index.js": {"path":"/Users/leonardopimentelferreira/Projects/CarManager/database/index.js","statementMap":{"0":{"start":{"line":4,"column":21},"end":{"line":4,"column":36}},"1":{"start":{"line":6,"column":21},"end":{"line":9,"column":1}},"2":{"start":{"line":7,"column":4},"end":{"line":7,"column":47}},"3":{"start":{"line":8,"column":4},"end":{"line":8,"column":13}},"4":{"start":{"line":11,"column":9},"end":{"line":11,"column":23}},"5":{"start":{"line":13,"column":22},"end":{"line":13,"column":42}},"6":{"start":{"line":13,"column":28},"end":{"line":13,"column":42}},"7":{"start":{"line":15,"column":25},"end":{"line":15,"column":81}},"8":{"start":{"line":17,"column":18},"end":{"line":209,"column":1}},"9":{"start":{"line":18,"column":19},"end":{"line":18,"column":21}},"10":{"start":{"line":19,"column":24},"end":{"line":19,"column":26}},"11":{"start":{"line":20,"column":20},"end":{"line":20,"column":22}},"12":{"start":{"line":21,"column":4},"end":{"line":25,"column":5}},"13":{"start":{"line":22,"column":8},"end":{"line":22,"column":25}},"14":{"start":{"line":23,"column":8},"end":{"line":23,"column":27}},"15":{"start":{"line":24,"column":8},"end":{"line":24,"column":36}},"16":{"start":{"line":31,"column":23},"end":{"line":176,"column":5}},"17":{"start":{"line":118,"column":42},"end":{"line":118,"column":58}},"18":{"start":{"line":127,"column":42},"end":{"line":127,"column":58}},"19":{"start":{"line":157,"column":42},"end":{"line":157,"column":58}},"20":{"start":{"line":167,"column":42},"end":{"line":167,"column":58}},"21":{"start":{"line":171,"column":42},"end":{"line":171,"column":58}},"22":{"start":{"line":175,"column":42},"end":{"line":175,"column":58}},"23":{"start":{"line":178,"column":28},"end":{"line":194,"column":5}},"24":{"start":{"line":179,"column":8},"end":{"line":190,"column":10}},"25":{"start":{"line":180,"column":12},"end":{"line":183,"column":13}},"26":{"start":{"line":180,"column":25},"end":{"line":180,"column":26}},"27":{"start":{"line":181,"column":16},"end":{"line":181,"column":56}},"28":{"start":{"line":182,"column":16},"end":{"line":182,"column":72}},"29":{"start":{"line":185,"column":12},"end":{"line":189,"column":13}},"30":{"start":{"line":186,"column":16},"end":{"line":186,"column":63}},"31":{"start":{"line":187,"column":26},"end":{"line":187,"column":99}},"32":{"start":{"line":188,"column":16},"end":{"line":188,"column":90}},"33":{"start":{"line":191,"column":8},"end":{"line":193,"column":9}},"34":{"start":{"line":192,"column":12},"end":{"line":192,"column":57}},"35":{"start":{"line":196,"column":4},"end":{"line":208,"column":6}},"36":{"start":{"line":197,"column":26},"end":{"line":197,"column":27}},"37":{"start":{"line":198,"column":8},"end":{"line":204,"column":9}},"38":{"start":{"line":199,"column":12},"end":{"line":203,"column":13}},"39":{"start":{"line":200,"column":16},"end":{"line":200,"column":112}},"40":{"start":{"line":205,"column":8},"end":{"line":205,"column":65}},"41":{"start":{"line":206,"column":34},"end":{"line":206,"column":100}},"42":{"start":{"line":206,"column":78},"end":{"line":206,"column":99}},"43":{"start":{"line":207,"column":8},"end":{"line":207,"column":42}},"44":{"start":{"line":210,"column":19},"end":{"line":232,"column":1}},"45":{"start":{"line":211,"column":4},"end":{"line":231,"column":6}},"46":{"start":{"line":234,"column":14},"end":{"line":240,"column":1}},"47":{"start":{"line":235,"column":4},"end":{"line":239,"column":5}},"48":{"start":{"line":242,"column":13},"end":{"line":768,"column":1}},"49":{"start":{"line":243,"column":4},"end":{"line":767,"column":6}}},"fnMap":{"0":{"name":"(anonymous_0)","decl":{"start":{"line":6,"column":21},"end":{"line":6,"column":22}},"loc":{"start":{"line":6,"column":27},"end":{"line":9,"column":1}},"line":6},"1":{"name":"(anonymous_1)","decl":{"start":{"line":13,"column":22},"end":{"line":13,"column":23}},"loc":{"start":{"line":13,"column":28},"end":{"line":13,"column":42}},"line":13},"2":{"name":"(anonymous_2)","decl":{"start":{"line":17,"column":18},"end":{"line":17,"column":19}},"loc":{"start":{"line":17,"column":41},"end":{"line":209,"column":1}},"line":17},"3":{"name":"(anonymous_3)","decl":{"start":{"line":118,"column":29},"end":{"line":118,"column":30}},"loc":{"start":{"line":118,"column":42},"end":{"line":118,"column":58}},"line":118},"4":{"name":"(anonymous_4)","decl":{"start":{"line":127,"column":29},"end":{"line":127,"column":30}},"loc":{"start":{"line":127,"column":42},"end":{"line":127,"column":58}},"line":127},"5":{"name":"(anonymous_5)","decl":{"start":{"line":157,"column":29},"end":{"line":157,"column":30}},"loc":{"start":{"line":157,"column":42},"end":{"line":157,"column":58}},"line":157},"6":{"name":"(anonymous_6)","decl":{"start":{"line":167,"column":29},"end":{"line":167,"column":30}},"loc":{"start":{"line":167,"column":42},"end":{"line":167,"column":58}},"line":167},"7":{"name":"(anonymous_7)","decl":{"start":{"line":171,"column":29},"end":{"line":171,"column":30}},"loc":{"start":{"line":171,"column":42},"end":{"line":171,"column":58}},"line":171},"8":{"name":"(anonymous_8)","decl":{"start":{"line":175,"column":29},"end":{"line":175,"column":30}},"loc":{"start":{"line":175,"column":42},"end":{"line":175,"column":58}},"line":175},"9":{"name":"(anonymous_9)","decl":{"start":{"line":178,"column":28},"end":{"line":178,"column":29}},"loc":{"start":{"line":178,"column":51},"end":{"line":194,"column":5}},"line":178},"10":{"name":"(anonymous_10)","decl":{"start":{"line":179,"column":37},"end":{"line":179,"column":38}},"loc":{"start":{"line":179,"column":55},"end":{"line":190,"column":9}},"line":179},"11":{"name":"(anonymous_11)","decl":{"start":{"line":196,"column":27},"end":{"line":196,"column":28}},"loc":{"start":{"line":196,"column":33},"end":{"line":208,"column":5}},"line":196},"12":{"name":"(anonymous_12)","decl":{"start":{"line":206,"column":65},"end":{"line":206,"column":66}},"loc":{"start":{"line":206,"column":78},"end":{"line":206,"column":99}},"line":206},"13":{"name":"(anonymous_13)","decl":{"start":{"line":210,"column":19},"end":{"line":210,"column":20}},"loc":{"start":{"line":210,"column":25},"end":{"line":232,"column":1}},"line":210},"14":{"name":"(anonymous_14)","decl":{"start":{"line":234,"column":14},"end":{"line":234,"column":15}},"loc":{"start":{"line":234,"column":20},"end":{"line":240,"column":1}},"line":234},"15":{"name":"(anonymous_15)","decl":{"start":{"line":242,"column":13},"end":{"line":242,"column":14}},"loc":{"start":{"line":242,"column":19},"end":{"line":768,"column":1}},"line":242}},"branchMap":{"0":{"loc":{"start":{"line":17,"column":19},"end":{"line":17,"column":36}},"type":"default-arg","locations":[{"start":{"line":17,"column":29},"end":{"line":17,"column":36}}],"line":17},"1":{"loc":{"start":{"line":21,"column":4},"end":{"line":25,"column":5}},"type":"if","locations":[{"start":{"line":21,"column":4},"end":{"line":25,"column":5}},{"start":{},"end":{}}],"line":21},"2":{"loc":{"start":{"line":185,"column":12},"end":{"line":189,"column":13}},"type":"if","locations":[{"start":{"line":185,"column":12},"end":{"line":189,"column":13}},{"start":{},"end":{}}],"line":185},"3":{"loc":{"start":{"line":191,"column":8},"end":{"line":193,"column":9}},"type":"if","locations":[{"start":{"line":191,"column":8},"end":{"line":193,"column":9}},{"start":{},"end":{}}],"line":191},"4":{"loc":{"start":{"line":198,"column":8},"end":{"line":204,"column":9}},"type":"if","locations":[{"start":{"line":198,"column":8},"end":{"line":204,"column":9}},{"start":{},"end":{}}],"line":198}},"s":{"0":0,"1":0,"2":0,"3":0,"4":0,"5":0,"6":0,"7":0,"8":0,"9":0,"10":0,"11":0,"12":0,"13":0,"14":0,"15":0,"16":0,"17":0,"18":0,"19":0,"20":0,"21":0,"22":0,"23":0,"24":0,"25":0,"26":0,"27":0,"28":0,"29":0,"30":0,"31":0,"32":0,"33":0,"34":0,"35":0,"36":0,"37":0,"38":0,"39":0,"40":0,"41":0,"42":0,"43":0,"44":0,"45":0,"46":0,"47":0,"48":0,"49":0},"f":{"0":0,"1":0,"2":0,"3":0,"4":0,"5":0,"6":0,"7":0,"8":0,"9":0,"10":0,"11":0,"12":0,"13":0,"14":0,"15":0},"b":{"0":[0],"1":[0,0],"2":[0,0],"3":[0,0],"4":[0,0]}}
,"/Users/leonardopimentelferreira/Projects/CarManager/database/queries.js": {"path":"/Users/leonardopimentelferreira/Projects/CarManager/database/queries.js","statementMap":{"0":{"start":{"line":6,"column":29},"end":{"line":13,"column":1}},"1":{"start":{"line":7,"column":2},"end":{"line":12,"column":4}},"2":{"start":{"line":16,"column":32},"end":{"line":30,"column":1}},"3":{"start":{"line":17,"column":2},"end":{"line":29,"column":4}},"4":{"start":{"line":33,"column":29},"end":{"line":143,"column":1}},"5":{"start":{"line":38,"column":6},"end":{"line":38,"column":10}},"6":{"start":{"line":40,"column":29},"end":{"line":40,"column":64}},"7":{"start":{"line":42,"column":2},"end":{"line":142,"column":5}},"8":{"start":{"line":43,"column":19},"end":{"line":43,"column":35}},"9":{"start":{"line":44,"column":4},"end":{"line":140,"column":5}},"10":{"start":{"line":46,"column":16},"end":{"line":49,"column":7}},"11":{"start":{"line":50,"column":6},"end":{"line":50,"column":37}},"12":{"start":{"line":53,"column":6},"end":{"line":56,"column":8}},"13":{"start":{"line":57,"column":50},"end":{"line":57,"column":69}},"14":{"start":{"line":59,"column":6},"end":{"line":62,"column":8}},"15":{"start":{"line":64,"column":6},"end":{"line":76,"column":7}},"16":{"start":{"line":66,"column":8},"end":{"line":69,"column":10}},"17":{"start":{"line":70,"column":53},"end":{"line":70,"column":72}},"18":{"start":{"line":72,"column":8},"end":{"line":75,"column":10}},"19":{"start":{"line":79,"column":6},"end":{"line":84,"column":8}},"20":{"start":{"line":86,"column":6},"end":{"line":91,"column":8}},"21":{"start":{"line":93,"column":6},"end":{"line":98,"column":8}},"22":{"start":{"line":100,"column":6},"end":{"line":139,"column":7}},"23":{"start":{"line":101,"column":8},"end":{"line":126,"column":9}},"24":{"start":{"line":102,"column":10},"end":{"line":107,"column":12}},"25":{"start":{"line":109,"column":10},"end":{"line":114,"column":12}},"26":{"start":{"line":116,"column":10},"end":{"line":120,"column":12}},"27":{"start":{"line":122,"column":10},"end":{"line":125,"column":12}},"28":{"start":{"line":127,"column":13},"end":{"line":139,"column":7}},"29":{"start":{"line":129,"column":18},"end":{"line":132,"column":9}},"30":{"start":{"line":133,"column":53},"end":{"line":133,"column":72}},"31":{"start":{"line":135,"column":8},"end":{"line":138,"column":10}},"32":{"start":{"line":141,"column":4},"end":{"line":141,"column":20}},"33":{"start":{"line":146,"column":29},"end":{"line":175,"column":1}},"34":{"start":{"line":147,"column":2},"end":{"line":174,"column":5}},"35":{"start":{"line":148,"column":4},"end":{"line":151,"column":6}},"36":{"start":{"line":153,"column":4},"end":{"line":156,"column":6}},"37":{"start":{"line":158,"column":4},"end":{"line":161,"column":6}},"38":{"start":{"line":163,"column":4},"end":{"line":173,"column":5}},"39":{"start":{"line":164,"column":6},"end":{"line":167,"column":8}},"40":{"start":{"line":169,"column":6},"end":{"line":172,"column":8}},"41":{"start":{"line":178,"column":36},"end":{"line":183,"column":1}},"42":{"start":{"line":179,"column":2},"end":{"line":182,"column":4}},"43":{"start":{"line":186,"column":40},"end":{"line":193,"column":1}},"44":{"start":{"line":187,"column":2},"end":{"line":192,"column":4}},"45":{"start":{"line":196,"column":40},"end":{"line":216,"column":1}},"46":{"start":{"line":197,"column":2},"end":{"line":215,"column":4}},"47":{"start":{"line":219,"column":39},"end":{"line":230,"column":1}},"48":{"start":{"line":220,"column":2},"end":{"line":229,"column":4}},"49":{"start":{"line":233,"column":41},"end":{"line":240,"column":1}},"50":{"start":{"line":234,"column":2},"end":{"line":239,"column":4}},"51":{"start":{"line":243,"column":39},"end":{"line":261,"column":1}},"52":{"start":{"line":244,"column":2},"end":{"line":260,"column":4}},"53":{"start":{"line":264,"column":33},"end":{"line":278,"column":1}},"54":{"start":{"line":265,"column":2},"end":{"line":277,"column":4}},"55":{"start":{"line":281,"column":30},"end":{"line":301,"column":1}},"56":{"start":{"line":282,"column":80},"end":{"line":282,"column":84}},"57":{"start":{"line":283,"column":22},"end":{"line":283,"column":50}},"58":{"start":{"line":285,"column":2},"end":{"line":300,"column":3}},"59":{"start":{"line":286,"column":14},"end":{"line":290,"column":5}},"60":{"start":{"line":291,"column":4},"end":{"line":291,"column":31}},"61":{"start":{"line":293,"column":4},"end":{"line":298,"column":6}},"62":{"start":{"line":299,"column":4},"end":{"line":299,"column":20}},"63":{"start":{"line":304,"column":30},"end":{"line":309,"column":1}},"64":{"start":{"line":305,"column":2},"end":{"line":308,"column":4}},"65":{"start":{"line":312,"column":34},"end":{"line":317,"column":1}},"66":{"start":{"line":313,"column":2},"end":{"line":316,"column":4}},"67":{"start":{"line":320,"column":33},"end":{"line":329,"column":1}},"68":{"start":{"line":321,"column":2},"end":{"line":328,"column":4}},"69":{"start":{"line":332,"column":28},"end":{"line":354,"column":1}},"70":{"start":{"line":333,"column":101},"end":{"line":333,"column":105}},"71":{"start":{"line":334,"column":30},"end":{"line":334,"column":66}},"72":{"start":{"line":335,"column":30},"end":{"line":335,"column":88}},"73":{"start":{"line":337,"column":2},"end":{"line":353,"column":3}},"74":{"start":{"line":338,"column":14},"end":{"line":343,"column":5}},"75":{"start":{"line":344,"column":4},"end":{"line":344,"column":31}},"76":{"start":{"line":346,"column":4},"end":{"line":351,"column":6}},"77":{"start":{"line":352,"column":4},"end":{"line":352,"column":23}},"78":{"start":{"line":357,"column":30},"end":{"line":362,"column":1}},"79":{"start":{"line":358,"column":2},"end":{"line":361,"column":4}},"80":{"start":{"line":365,"column":30},"end":{"line":385,"column":1}},"81":{"start":{"line":366,"column":2},"end":{"line":384,"column":4}},"82":{"start":{"line":388,"column":31},"end":{"line":394,"column":1}},"83":{"start":{"line":389,"column":12},"end":{"line":392,"column":3}},"84":{"start":{"line":393,"column":2},"end":{"line":393,"column":29}},"85":{"start":{"line":397,"column":31},"end":{"line":402,"column":1}},"86":{"start":{"line":398,"column":2},"end":{"line":401,"column":4}},"87":{"start":{"line":405,"column":31},"end":{"line":425,"column":1}},"88":{"start":{"line":406,"column":2},"end":{"line":424,"column":5}},"89":{"start":{"line":407,"column":4},"end":{"line":410,"column":6}},"90":{"start":{"line":411,"column":4},"end":{"line":414,"column":6}},"91":{"start":{"line":415,"column":4},"end":{"line":419,"column":6}},"92":{"start":{"line":420,"column":4},"end":{"line":423,"column":6}}},"fnMap":{"0":{"name":"(anonymous_0)","decl":{"start":{"line":6,"column":29},"end":{"line":6,"column":30}},"loc":{"start":{"line":6,"column":41},"end":{"line":13,"column":1}},"line":6},"1":{"name":"(anonymous_1)","decl":{"start":{"line":16,"column":32},"end":{"line":16,"column":33}},"loc":{"start":{"line":16,"column":60},"end":{"line":30,"column":1}},"line":16},"2":{"name":"(anonymous_2)","decl":{"start":{"line":33,"column":29},"end":{"line":33,"column":30}},"loc":{"start":{"line":33,"column":88},"end":{"line":143,"column":1}},"line":33},"3":{"name":"(anonymous_3)","decl":{"start":{"line":42,"column":39},"end":{"line":42,"column":40}},"loc":{"start":{"line":42,"column":53},"end":{"line":142,"column":3}},"line":42},"4":{"name":"(anonymous_4)","decl":{"start":{"line":146,"column":29},"end":{"line":146,"column":30}},"loc":{"start":{"line":146,"column":151},"end":{"line":175,"column":1}},"line":146},"5":{"name":"(anonymous_5)","decl":{"start":{"line":147,"column":39},"end":{"line":147,"column":40}},"loc":{"start":{"line":147,"column":53},"end":{"line":174,"column":3}},"line":147},"6":{"name":"(anonymous_6)","decl":{"start":{"line":178,"column":36},"end":{"line":178,"column":37}},"loc":{"start":{"line":178,"column":57},"end":{"line":183,"column":1}},"line":178},"7":{"name":"(anonymous_7)","decl":{"start":{"line":186,"column":40},"end":{"line":186,"column":41}},"loc":{"start":{"line":186,"column":61},"end":{"line":193,"column":1}},"line":186},"8":{"name":"(anonymous_8)","decl":{"start":{"line":196,"column":40},"end":{"line":196,"column":41}},"loc":{"start":{"line":196,"column":81},"end":{"line":216,"column":1}},"line":196},"9":{"name":"(anonymous_9)","decl":{"start":{"line":219,"column":39},"end":{"line":219,"column":40}},"loc":{"start":{"line":219,"column":64},"end":{"line":230,"column":1}},"line":219},"10":{"name":"(anonymous_10)","decl":{"start":{"line":233,"column":41},"end":{"line":233,"column":42}},"loc":{"start":{"line":233,"column":62},"end":{"line":240,"column":1}},"line":233},"11":{"name":"(anonymous_11)","decl":{"start":{"line":243,"column":39},"end":{"line":243,"column":40}},"loc":{"start":{"line":243,"column":80},"end":{"line":261,"column":1}},"line":243},"12":{"name":"(anonymous_12)","decl":{"start":{"line":264,"column":33},"end":{"line":264,"column":34}},"loc":{"start":{"line":264,"column":53},"end":{"line":278,"column":1}},"line":264},"13":{"name":"(anonymous_13)","decl":{"start":{"line":281,"column":30},"end":{"line":281,"column":31}},"loc":{"start":{"line":281,"column":81},"end":{"line":301,"column":1}},"line":281},"14":{"name":"(anonymous_14)","decl":{"start":{"line":304,"column":30},"end":{"line":304,"column":31}},"loc":{"start":{"line":304,"column":50},"end":{"line":309,"column":1}},"line":304},"15":{"name":"(anonymous_15)","decl":{"start":{"line":312,"column":34},"end":{"line":312,"column":35}},"loc":{"start":{"line":312,"column":46},"end":{"line":317,"column":1}},"line":312},"16":{"name":"(anonymous_16)","decl":{"start":{"line":320,"column":33},"end":{"line":320,"column":34}},"loc":{"start":{"line":320,"column":56},"end":{"line":329,"column":1}},"line":320},"17":{"name":"(anonymous_17)","decl":{"start":{"line":332,"column":28},"end":{"line":332,"column":29}},"loc":{"start":{"line":332,"column":82},"end":{"line":354,"column":1}},"line":332},"18":{"name":"(anonymous_18)","decl":{"start":{"line":357,"column":30},"end":{"line":357,"column":31}},"loc":{"start":{"line":357,"column":53},"end":{"line":362,"column":1}},"line":357},"19":{"name":"(anonymous_19)","decl":{"start":{"line":365,"column":30},"end":{"line":365,"column":31}},"loc":{"start":{"line":365,"column":42},"end":{"line":385,"column":1}},"line":365},"20":{"name":"(anonymous_20)","decl":{"start":{"line":388,"column":31},"end":{"line":388,"column":32}},"loc":{"start":{"line":388,"column":54},"end":{"line":394,"column":1}},"line":388},"21":{"name":"(anonymous_21)","decl":{"start":{"line":397,"column":31},"end":{"line":397,"column":32}},"loc":{"start":{"line":397,"column":65},"end":{"line":402,"column":1}},"line":397},"22":{"name":"(anonymous_22)","decl":{"start":{"line":405,"column":31},"end":{"line":405,"column":32}},"loc":{"start":{"line":405,"column":52},"end":{"line":425,"column":1}},"line":405},"23":{"name":"(anonymous_23)","decl":{"start":{"line":406,"column":39},"end":{"line":406,"column":40}},"loc":{"start":{"line":406,"column":53},"end":{"line":424,"column":3}},"line":406}},"branchMap":{"0":{"loc":{"start":{"line":33,"column":42},"end":{"line":33,"column":58}},"type":"default-arg","locations":[{"start":{"line":33,"column":53},"end":{"line":33,"column":58}}],"line":33},"1":{"loc":{"start":{"line":33,"column":60},"end":{"line":33,"column":83}},"type":"default-arg","locations":[{"start":{"line":33,"column":79},"end":{"line":33,"column":83}}],"line":33},"2":{"loc":{"start":{"line":44,"column":4},"end":{"line":140,"column":5}},"type":"if","locations":[{"start":{"line":44,"column":4},"end":{"line":140,"column":5}},{"start":{"line":77,"column":11},"end":{"line":140,"column":5}}],"line":44},"3":{"loc":{"start":{"line":64,"column":6},"end":{"line":76,"column":7}},"type":"if","locations":[{"start":{"line":64,"column":6},"end":{"line":76,"column":7}},{"start":{},"end":{}}],"line":64},"4":{"loc":{"start":{"line":100,"column":6},"end":{"line":139,"column":7}},"type":"if","locations":[{"start":{"line":100,"column":6},"end":{"line":139,"column":7}},{"start":{"line":127,"column":13},"end":{"line":139,"column":7}}],"line":100},"5":{"loc":{"start":{"line":101,"column":8},"end":{"line":126,"column":9}},"type":"if","locations":[{"start":{"line":101,"column":8},"end":{"line":126,"column":9}},{"start":{"line":115,"column":15},"end":{"line":126,"column":9}}],"line":101},"6":{"loc":{"start":{"line":127,"column":13},"end":{"line":139,"column":7}},"type":"if","locations":[{"start":{"line":127,"column":13},"end":{"line":139,"column":7}},{"start":{},"end":{}}],"line":127},"7":{"loc":{"start":{"line":146,"column":93},"end":{"line":146,"column":128}},"type":"default-arg","locations":[{"start":{"line":146,"column":124},"end":{"line":146,"column":128}}],"line":146},"8":{"loc":{"start":{"line":146,"column":130},"end":{"line":146,"column":146}},"type":"default-arg","locations":[{"start":{"line":146,"column":142},"end":{"line":146,"column":146}}],"line":146},"9":{"loc":{"start":{"line":163,"column":4},"end":{"line":173,"column":5}},"type":"if","locations":[{"start":{"line":163,"column":4},"end":{"line":173,"column":5}},{"start":{},"end":{}}],"line":163},"10":{"loc":{"start":{"line":281,"column":43},"end":{"line":281,"column":59}},"type":"default-arg","locations":[{"start":{"line":281,"column":54},"end":{"line":281,"column":59}}],"line":281},"11":{"loc":{"start":{"line":281,"column":61},"end":{"line":281,"column":76}},"type":"default-arg","locations":[{"start":{"line":281,"column":72},"end":{"line":281,"column":76}}],"line":281},"12":{"loc":{"start":{"line":285,"column":2},"end":{"line":300,"column":3}},"type":"if","locations":[{"start":{"line":285,"column":2},"end":{"line":300,"column":3}},{"start":{"line":292,"column":9},"end":{"line":300,"column":3}}],"line":285},"13":{"loc":{"start":{"line":332,"column":41},"end":{"line":332,"column":57}},"type":"default-arg","locations":[{"start":{"line":332,"column":52},"end":{"line":332,"column":57}}],"line":332},"14":{"loc":{"start":{"line":332,"column":59},"end":{"line":332,"column":77}},"type":"default-arg","locations":[{"start":{"line":332,"column":73},"end":{"line":332,"column":77}}],"line":332},"15":{"loc":{"start":{"line":335,"column":30},"end":{"line":335,"column":88}},"type":"cond-expr","locations":[{"start":{"line":335,"column":45},"end":{"line":335,"column":81}},{"start":{"line":335,"column":84},"end":{"line":335,"column":88}}],"line":335},"16":{"loc":{"start":{"line":337,"column":2},"end":{"line":353,"column":3}},"type":"if","locations":[{"start":{"line":337,"column":2},"end":{"line":353,"column":3}},{"start":{"line":345,"column":9},"end":{"line":353,"column":3}}],"line":337}},"s":{"0":0,"1":0,"2":0,"3":0,"4":0,"5":0,"6":0,"7":0,"8":0,"9":0,"10":0,"11":0,"12":0,"13":0,"14":0,"15":0,"16":0,"17":0,"18":0,"19":0,"20":0,"21":0,"22":0,"23":0,"24":0,"25":0,"26":0,"27":0,"28":0,"29":0,"30":0,"31":0,"32":0,"33":0,"34":0,"35":0,"36":0,"37":0,"38":0,"39":0,"40":0,"41":0,"42":0,"43":0,"44":0,"45":0,"46":0,"47":0,"48":0,"49":0,"50":0,"51":0,"52":0,"53":0,"54":0,"55":0,"56":0,"57":0,"58":0,"59":0,"60":0,"61":0,"62":0,"63":0,"64":0,"65":0,"66":0,"67":0,"68":0,"69":0,"70":0,"71":0,"72":0,"73":0,"74":0,"75":0,"76":0,"77":0,"78":0,"79":0,"80":0,"81":0,"82":0,"83":0,"84":0,"85":0,"86":0,"87":0,"88":0,"89":0,"90":0,"91":0,"92":0},"f":{"0":0,"1":0,"2":0,"3":0,"4":0,"5":0,"6":0,"7":0,"8":0,"9":0,"10":0,"11":0,"12":0,"13":0,"14":0,"15":0,"16":0,"17":0,"18":0,"19":0,"20":0,"21":0,"22":0,"23":0},"b":{"0":[0],"1":[0],"2":[0,0],"3":[0,0],"4":[0,0],"5":[0,0],"6":[0,0],"7":[0],"8":[0],"9":[0,0],"10":[0],"11":[0],"12":[0,0],"13":[0],"14":[0],"15":[0,0],"16":[0,0]}}
,"/Users/leonardopimentelferreira/Projects/CarManager/hooks/useCachedResources.js": {"path":"/Users/leonardopimentelferreira/Projects/CarManager/hooks/useCachedResources.js","statementMap":{"0":{"start":{"line":8,"column":50},"end":{"line":8,"column":71}},"1":{"start":{"line":11,"column":2},"end":{"line":32,"column":9}},"2":{"start":{"line":13,"column":6},"end":{"line":28,"column":7}},"3":{"start":{"line":14,"column":8},"end":{"line":14,"column":44}},"4":{"start":{"line":16,"column":8},"end":{"line":16,"column":26}},"5":{"start":{"line":19,"column":8},"end":{"line":21,"column":11}},"6":{"start":{"line":24,"column":8},"end":{"line":24,"column":24}},"7":{"start":{"line":26,"column":8},"end":{"line":26,"column":33}},"8":{"start":{"line":27,"column":8},"end":{"line":27,"column":33}},"9":{"start":{"line":31,"column":4},"end":{"line":31,"column":32}},"10":{"start":{"line":34,"column":2},"end":{"line":34,"column":27}}},"fnMap":{"0":{"name":"useCachedResources","decl":{"start":{"line":7,"column":24},"end":{"line":7,"column":42}},"loc":{"start":{"line":7,"column":45},"end":{"line":35,"column":1}},"line":7},"1":{"name":"(anonymous_1)","decl":{"start":{"line":11,"column":18},"end":{"line":11,"column":19}},"loc":{"start":{"line":11,"column":24},"end":{"line":32,"column":3}},"line":11},"2":{"name":"loadResourcesAndDataAsync","decl":{"start":{"line":12,"column":19},"end":{"line":12,"column":44}},"loc":{"start":{"line":12,"column":47},"end":{"line":29,"column":5}},"line":12}},"branchMap":{},"s":{"0":0,"1":0,"2":0,"3":0,"4":0,"5":0,"6":0,"7":0,"8":0,"9":0,"10":0},"f":{"0":0,"1":0,"2":0},"b":{}}
,"/Users/leonardopimentelferreira/Projects/CarManager/locales/en-US.js": {"path":"/Users/leonardopimentelferreira/Projects/CarManager/locales/en-US.js","statementMap":{},"fnMap":{},"branchMap":{},"s":{},"f":{},"b":{}}
,"/Users/leonardopimentelferreira/Projects/CarManager/locales/index.js": {"path":"/Users/leonardopimentelferreira/Projects/CarManager/locales/index.js","statementMap":{"0":{"start":{"line":19,"column":0},"end":{"line":22,"column":2}},"1":{"start":{"line":24,"column":26},"end":{"line":32,"column":1}},"2":{"start":{"line":31,"column":2},"end":{"line":31,"column":44}},"3":{"start":{"line":34,"column":0},"end":{"line":34,"column":20}},"4":{"start":{"line":37,"column":2},"end":{"line":37,"column":29}}},"fnMap":{"0":{"name":"(anonymous_0)","decl":{"start":{"line":24,"column":26},"end":{"line":24,"column":27}},"loc":{"start":{"line":24,"column":32},"end":{"line":32,"column":1}},"line":24},"1":{"name":"t","decl":{"start":{"line":36,"column":9},"end":{"line":36,"column":10}},"loc":{"start":{"line":36,"column":24},"end":{"line":38,"column":1}},"line":36}},"branchMap":{},"s":{"0":0,"1":0,"2":0,"3":0,"4":0},"f":{"0":0,"1":0},"b":{}}
,"/Users/leonardopimentelferreira/Projects/CarManager/locales/pt-BR.js": {"path":"/Users/leonardopimentelferreira/Projects/CarManager/locales/pt-BR.js","statementMap":{},"fnMap":{},"branchMap":{},"s":{},"f":{},"b":{}}
,"/Users/leonardopimentelferreira/Projects/CarManager/navigation/BottomTabNavigator.js": {"path":"/Users/leonardopimentelferreira/Projects/CarManager/navigation/BottomTabNavigator.js","statementMap":{"0":{"start":{"line":11,"column":18},"end":{"line":11,"column":44}},"1":{"start":{"line":14,"column":2},"end":{"line":47,"column":4}},"2":{"start":{"line":19,"column":39},"end":{"line":19,"column":96}},"3":{"start":{"line":25,"column":39},"end":{"line":25,"column":92}},"4":{"start":{"line":31,"column":39},"end":{"line":31,"column":79}},"5":{"start":{"line":37,"column":39},"end":{"line":37,"column":78}},"6":{"start":{"line":43,"column":39},"end":{"line":43,"column":78}},"7":{"start":{"line":51,"column":2},"end":{"line":54,"column":3}},"8":{"start":{"line":58,"column":19},"end":{"line":58,"column":21}},"9":{"start":{"line":59,"column":2},"end":{"line":60,"column":109}},"10":{"start":{"line":60,"column":4},"end":{"line":60,"column":109}},"11":{"start":{"line":61,"column":2},"end":{"line":62,"column":97}},"12":{"start":{"line":62,"column":4},"end":{"line":62,"column":97}},"13":{"start":{"line":63,"column":2},"end":{"line":64,"column":93}},"14":{"start":{"line":64,"column":4},"end":{"line":64,"column":93}},"15":{"start":{"line":65,"column":2},"end":{"line":66,"column":96}},"16":{"start":{"line":66,"column":4},"end":{"line":66,"column":96}},"17":{"start":{"line":70,"column":2},"end":{"line":70,"column":65}}},"fnMap":{"0":{"name":"BottomTabNavigator","decl":{"start":{"line":13,"column":9},"end":{"line":13,"column":27}},"loc":{"start":{"line":13,"column":51},"end":{"line":48,"column":1}},"line":13},"1":{"name":"(anonymous_1)","decl":{"start":{"line":19,"column":22},"end":{"line":19,"column":23}},"loc":{"start":{"line":19,"column":39},"end":{"line":19,"column":96}},"line":19},"2":{"name":"(anonymous_2)","decl":{"start":{"line":25,"column":22},"end":{"line":25,"column":23}},"loc":{"start":{"line":25,"column":39},"end":{"line":25,"column":92}},"line":25},"3":{"name":"(anonymous_3)","decl":{"start":{"line":31,"column":22},"end":{"line":31,"column":23}},"loc":{"start":{"line":31,"column":39},"end":{"line":31,"column":79}},"line":31},"4":{"name":"(anonymous_4)","decl":{"start":{"line":37,"column":22},"end":{"line":37,"column":23}},"loc":{"start":{"line":37,"column":39},"end":{"line":37,"column":78}},"line":37},"5":{"name":"(anonymous_5)","decl":{"start":{"line":43,"column":22},"end":{"line":43,"column":23}},"loc":{"start":{"line":43,"column":39},"end":{"line":43,"column":78}},"line":43},"6":{"name":"getCommonOptions","decl":{"start":{"line":50,"column":9},"end":{"line":50,"column":25}},"loc":{"start":{"line":50,"column":44},"end":{"line":55,"column":1}},"line":50},"7":{"name":"getIcon","decl":{"start":{"line":57,"column":9},"end":{"line":57,"column":16}},"loc":{"start":{"line":57,"column":38},"end":{"line":67,"column":1}},"line":57},"8":{"name":"getFocusedColor","decl":{"start":{"line":69,"column":9},"end":{"line":69,"column":24}},"loc":{"start":{"line":69,"column":34},"end":{"line":71,"column":1}},"line":69}},"branchMap":{"0":{"loc":{"start":{"line":59,"column":2},"end":{"line":60,"column":109}},"type":"if","locations":[{"start":{"line":59,"column":2},"end":{"line":60,"column":109}},{"start":{},"end":{}}],"line":59},"1":{"loc":{"start":{"line":61,"column":2},"end":{"line":62,"column":97}},"type":"if","locations":[{"start":{"line":61,"column":2},"end":{"line":62,"column":97}},{"start":{},"end":{}}],"line":61},"2":{"loc":{"start":{"line":63,"column":2},"end":{"line":64,"column":93}},"type":"if","locations":[{"start":{"line":63,"column":2},"end":{"line":64,"column":93}},{"start":{},"end":{}}],"line":63},"3":{"loc":{"start":{"line":65,"column":2},"end":{"line":66,"column":96}},"type":"if","locations":[{"start":{"line":65,"column":2},"end":{"line":66,"column":96}},{"start":{},"end":{}}],"line":65},"4":{"loc":{"start":{"line":70,"column":9},"end":{"line":70,"column":65}},"type":"cond-expr","locations":[{"start":{"line":70,"column":19},"end":{"line":70,"column":41}},{"start":{"line":70,"column":44},"end":{"line":70,"column":65}}],"line":70}},"s":{"0":0,"1":0,"2":0,"3":0,"4":0,"5":0,"6":0,"7":0,"8":0,"9":0,"10":0,"11":0,"12":0,"13":0,"14":0,"15":0,"16":0,"17":0},"f":{"0":0,"1":0,"2":0,"3":0,"4":0,"5":0,"6":0,"7":0,"8":0},"b":{"0":[0,0],"1":[0,0],"2":[0,0],"3":[0,0],"4":[0,0]}}
,"/Users/leonardopimentelferreira/Projects/CarManager/providers/BellProvider.js": {"path":"/Users/leonardopimentelferreira/Projects/CarManager/providers/BellProvider.js","statementMap":{"0":{"start":{"line":4,"column":26},"end":{"line":4,"column":41}},"1":{"start":{"line":6,"column":21},"end":{"line":40,"column":1}},"2":{"start":{"line":7,"column":52},"end":{"line":7,"column":63}},"3":{"start":{"line":9,"column":17},"end":{"line":31,"column":3}},"4":{"start":{"line":10,"column":19},"end":{"line":28,"column":9}},"5":{"start":{"line":30,"column":4},"end":{"line":30,"column":47}},"6":{"start":{"line":33,"column":16},"end":{"line":33,"column":45}},"7":{"start":{"line":35,"column":2},"end":{"line":39,"column":3}}},"fnMap":{"0":{"name":"(anonymous_0)","decl":{"start":{"line":6,"column":21},"end":{"line":6,"column":22}},"loc":{"start":{"line":6,"column":39},"end":{"line":40,"column":1}},"line":6},"1":{"name":"(anonymous_1)","decl":{"start":{"line":9,"column":17},"end":{"line":9,"column":18}},"loc":{"start":{"line":9,"column":29},"end":{"line":31,"column":3}},"line":9}},"branchMap":{},"s":{"0":0,"1":0,"2":0,"3":0,"4":0,"5":0,"6":0,"7":0},"f":{"0":0,"1":0},"b":{}}
,"/Users/leonardopimentelferreira/Projects/CarManager/screens/FillingScreen.js": {"path":"/Users/leonardopimentelferreira/Projects/CarManager/screens/FillingScreen.js","statementMap":{"0":{"start":{"line":21,"column":17},"end":{"line":21,"column":33}},"1":{"start":{"line":22,"column":40},"end":{"line":22,"column":60}},"2":{"start":{"line":23,"column":46},"end":{"line":23,"column":61}},"3":{"start":{"line":25,"column":36},"end":{"line":25,"column":47}},"4":{"start":{"line":26,"column":42},"end":{"line":26,"column":52}},"5":{"start":{"line":27,"column":34},"end":{"line":27,"column":45}},"6":{"start":{"line":28,"column":22},"end":{"line":28,"column":32}},"7":{"start":{"line":29,"column":32},"end":{"line":29,"column":42}},"8":{"start":{"line":31,"column":38},"end":{"line":31,"column":49}},"9":{"start":{"line":32,"column":44},"end":{"line":32,"column":54}},"10":{"start":{"line":33,"column":34},"end":{"line":33,"column":44}},"11":{"start":{"line":34,"column":36},"end":{"line":34,"column":47}},"12":{"start":{"line":36,"column":40},"end":{"line":36,"column":50}},"13":{"start":{"line":37,"column":36},"end":{"line":37,"column":50}},"14":{"start":{"line":38,"column":44},"end":{"line":38,"column":59}},"15":{"start":{"line":39,"column":50},"end":{"line":39,"column":60}},"16":{"start":{"line":40,"column":72},"end":{"line":40,"column":82}},"17":{"start":{"line":41,"column":74},"end":{"line":41,"column":84}},"18":{"start":{"line":42,"column":34},"end":{"line":42,"column":44}},"19":{"start":{"line":43,"column":36},"end":{"line":43,"column":46}},"20":{"start":{"line":44,"column":46},"end":{"line":44,"column":56}},"21":{"start":{"line":45,"column":34},"end":{"line":45,"column":46}},"22":{"start":{"line":46,"column":36},"end":{"line":46,"column":46}},"23":{"start":{"line":47,"column":16},"end":{"line":47,"column":17}},"24":{"start":{"line":48,"column":32},"end":{"line":48,"column":47}},"25":{"start":{"line":49,"column":34},"end":{"line":49,"column":45}},"26":{"start":{"line":50,"column":38},"end":{"line":59,"column":4}},"27":{"start":{"line":61,"column":20},"end":{"line":61,"column":34}},"28":{"start":{"line":63,"column":24},"end":{"line":73,"column":3}},"29":{"start":{"line":64,"column":4},"end":{"line":67,"column":5}},"30":{"start":{"line":65,"column":6},"end":{"line":65,"column":66}},"31":{"start":{"line":66,"column":6},"end":{"line":66,"column":12}},"32":{"start":{"line":69,"column":4},"end":{"line":72,"column":5}},"33":{"start":{"line":70,"column":6},"end":{"line":70,"column":66}},"34":{"start":{"line":71,"column":6},"end":{"line":71,"column":12}},"35":{"start":{"line":75,"column":26},"end":{"line":85,"column":3}},"36":{"start":{"line":76,"column":4},"end":{"line":79,"column":5}},"37":{"start":{"line":77,"column":6},"end":{"line":77,"column":66}},"38":{"start":{"line":78,"column":6},"end":{"line":78,"column":12}},"39":{"start":{"line":81,"column":4},"end":{"line":84,"column":5}},"40":{"start":{"line":82,"column":6},"end":{"line":82,"column":66}},"41":{"start":{"line":83,"column":6},"end":{"line":83,"column":12}},"42":{"start":{"line":87,"column":29},"end":{"line":97,"column":3}},"43":{"start":{"line":88,"column":4},"end":{"line":91,"column":5}},"44":{"start":{"line":89,"column":6},"end":{"line":89,"column":66}},"45":{"start":{"line":90,"column":6},"end":{"line":90,"column":12}},"46":{"start":{"line":93,"column":4},"end":{"line":96,"column":5}},"47":{"start":{"line":94,"column":6},"end":{"line":94,"column":66}},"48":{"start":{"line":95,"column":6},"end":{"line":95,"column":12}},"49":{"start":{"line":99,"column":25},"end":{"line":109,"column":3}},"50":{"start":{"line":100,"column":4},"end":{"line":103,"column":5}},"51":{"start":{"line":101,"column":6},"end":{"line":101,"column":69}},"52":{"start":{"line":102,"column":6},"end":{"line":102,"column":12}},"53":{"start":{"line":105,"column":4},"end":{"line":108,"column":5}},"54":{"start":{"line":106,"column":6},"end":{"line":106,"column":69}},"55":{"start":{"line":107,"column":6},"end":{"line":107,"column":12}},"56":{"start":{"line":111,"column":27},"end":{"line":121,"column":3}},"57":{"start":{"line":112,"column":4},"end":{"line":115,"column":5}},"58":{"start":{"line":113,"column":6},"end":{"line":113,"column":69}},"59":{"start":{"line":114,"column":6},"end":{"line":114,"column":12}},"60":{"start":{"line":117,"column":4},"end":{"line":120,"column":5}},"61":{"start":{"line":118,"column":6},"end":{"line":118,"column":69}},"62":{"start":{"line":119,"column":6},"end":{"line":119,"column":12}},"63":{"start":{"line":123,"column":30},"end":{"line":133,"column":3}},"64":{"start":{"line":124,"column":4},"end":{"line":127,"column":5}},"65":{"start":{"line":125,"column":6},"end":{"line":125,"column":69}},"66":{"start":{"line":126,"column":6},"end":{"line":126,"column":12}},"67":{"start":{"line":129,"column":4},"end":{"line":132,"column":5}},"68":{"start":{"line":130,"column":6},"end":{"line":130,"column":69}},"69":{"start":{"line":131,"column":6},"end":{"line":131,"column":12}},"70":{"start":{"line":135,"column":2},"end":{"line":153,"column":17}},"71":{"start":{"line":137,"column":22},"end":{"line":137,"column":43}},"72":{"start":{"line":139,"column":19},"end":{"line":139,"column":21}},"73":{"start":{"line":140,"column":8},"end":{"line":148,"column":9}},"74":{"start":{"line":141,"column":10},"end":{"line":147,"column":11}},"75":{"start":{"line":142,"column":12},"end":{"line":145,"column":15}},"76":{"start":{"line":146,"column":12},"end":{"line":146,"column":28}},"77":{"start":{"line":149,"column":8},"end":{"line":149,"column":35}},"78":{"start":{"line":150,"column":8},"end":{"line":150,"column":25}},"79":{"start":{"line":152,"column":4},"end":{"line":152,"column":15}},"80":{"start":{"line":155,"column":2},"end":{"line":212,"column":20}},"81":{"start":{"line":157,"column":6},"end":{"line":209,"column":7}},"82":{"start":{"line":158,"column":8},"end":{"line":158,"column":24}},"83":{"start":{"line":159,"column":22},"end":{"line":159,"column":75}},"84":{"start":{"line":161,"column":8},"end":{"line":194,"column":9}},"85":{"start":{"line":162,"column":32},"end":{"line":162,"column":42}},"86":{"start":{"line":163,"column":10},"end":{"line":163,"column":60}},"87":{"start":{"line":164,"column":10},"end":{"line":164,"column":43}},"88":{"start":{"line":165,"column":10},"end":{"line":165,"column":89}},"89":{"start":{"line":166,"column":10},"end":{"line":166,"column":86}},"90":{"start":{"line":167,"column":10},"end":{"line":167,"column":50}},"91":{"start":{"line":168,"column":10},"end":{"line":168,"column":51}},"92":{"start":{"line":169,"column":10},"end":{"line":169,"column":33}},"93":{"start":{"line":170,"column":10},"end":{"line":170,"column":48}},"94":{"start":{"line":171,"column":10},"end":{"line":171,"column":45}},"95":{"start":{"line":172,"column":10},"end":{"line":172,"column":62}},"96":{"start":{"line":173,"column":10},"end":{"line":173,"column":48}},"97":{"start":{"line":174,"column":10},"end":{"line":174,"column":76}},"98":{"start":{"line":175,"column":10},"end":{"line":175,"column":45}},"99":{"start":{"line":177,"column":10},"end":{"line":193,"column":11}},"100":{"start":{"line":178,"column":35},"end":{"line":178,"column":45}},"101":{"start":{"line":179,"column":12},"end":{"line":179,"column":47}},"102":{"start":{"line":180,"column":12},"end":{"line":180,"column":90}},"103":{"start":{"line":181,"column":12},"end":{"line":181,"column":55}},"104":{"start":{"line":182,"column":12},"end":{"line":182,"column":49}},"105":{"start":{"line":183,"column":12},"end":{"line":183,"column":66}},"106":{"start":{"line":184,"column":12},"end":{"line":184,"column":35}},"107":{"start":{"line":185,"column":12},"end":{"line":185,"column":80}},"108":{"start":{"line":187,"column":12},"end":{"line":187,"column":28}},"109":{"start":{"line":188,"column":12},"end":{"line":188,"column":34}},"110":{"start":{"line":189,"column":12},"end":{"line":189,"column":30}},"111":{"start":{"line":190,"column":12},"end":{"line":190,"column":49}},"112":{"start":{"line":191,"column":12},"end":{"line":191,"column":36}},"113":{"start":{"line":192,"column":12},"end":{"line":192,"column":29}},"114":{"start":{"line":196,"column":8},"end":{"line":196,"column":25}},"115":{"start":{"line":198,"column":22},"end":{"line":198,"column":43}},"116":{"start":{"line":199,"column":8},"end":{"line":208,"column":9}},"117":{"start":{"line":200,"column":21},"end":{"line":200,"column":23}},"118":{"start":{"line":201,"column":10},"end":{"line":206,"column":11}},"119":{"start":{"line":202,"column":12},"end":{"line":205,"column":15}},"120":{"start":{"line":207,"column":10},"end":{"line":207,"column":37}},"121":{"start":{"line":211,"column":4},"end":{"line":211,"column":15}},"122":{"start":{"line":214,"column":24},"end":{"line":234,"column":3}},"123":{"start":{"line":215,"column":27},"end":{"line":222,"column":5}},"124":{"start":{"line":216,"column":6},"end":{"line":216,"column":22}},"125":{"start":{"line":217,"column":6},"end":{"line":217,"column":124}},"126":{"start":{"line":218,"column":6},"end":{"line":218,"column":56}},"127":{"start":{"line":219,"column":6},"end":{"line":219,"column":28}},"128":{"start":{"line":220,"column":6},"end":{"line":220,"column":23}},"129":{"start":{"line":221,"column":6},"end":{"line":221,"column":17}},"130":{"start":{"line":224,"column":4},"end":{"line":233,"column":6}},"131":{"start":{"line":229,"column":41},"end":{"line":229,"column":57}},"132":{"start":{"line":236,"column":20},"end":{"line":263,"column":3}},"133":{"start":{"line":237,"column":4},"end":{"line":237,"column":30}},"134":{"start":{"line":238,"column":4},"end":{"line":238,"column":19}},"135":{"start":{"line":239,"column":4},"end":{"line":239,"column":20}},"136":{"start":{"line":240,"column":4},"end":{"line":240,"column":25}},"137":{"start":{"line":241,"column":4},"end":{"line":241,"column":26}},"138":{"start":{"line":242,"column":4},"end":{"line":242,"column":24}},"139":{"start":{"line":243,"column":4},"end":{"line":243,"column":15}},"140":{"start":{"line":244,"column":4},"end":{"line":244,"column":29}},"141":{"start":{"line":245,"column":4},"end":{"line":245,"column":40}},"142":{"start":{"line":246,"column":4},"end":{"line":246,"column":21}},"143":{"start":{"line":247,"column":4},"end":{"line":247,"column":41}},"144":{"start":{"line":248,"column":4},"end":{"line":248,"column":22}},"145":{"start":{"line":249,"column":4},"end":{"line":249,"column":28}},"146":{"start":{"line":250,"column":4},"end":{"line":250,"column":20}},"147":{"start":{"line":251,"column":4},"end":{"line":251,"column":21}},"148":{"start":{"line":252,"column":4},"end":{"line":252,"column":18}},"149":{"start":{"line":253,"column":4},"end":{"line":262,"column":6}},"150":{"start":{"line":265,"column":22},"end":{"line":324,"column":3}},"151":{"start":{"line":266,"column":4},"end":{"line":269,"column":5}},"152":{"start":{"line":267,"column":6},"end":{"line":267,"column":90}},"153":{"start":{"line":268,"column":6},"end":{"line":268,"column":18}},"154":{"start":{"line":271,"column":4},"end":{"line":274,"column":5}},"155":{"start":{"line":272,"column":6},"end":{"line":272,"column":84}},"156":{"start":{"line":273,"column":6},"end":{"line":273,"column":18}},"157":{"start":{"line":276,"column":4},"end":{"line":279,"column":5}},"158":{"start":{"line":277,"column":6},"end":{"line":277,"column":70}},"159":{"start":{"line":278,"column":6},"end":{"line":278,"column":18}},"160":{"start":{"line":281,"column":4},"end":{"line":284,"column":5}},"161":{"start":{"line":282,"column":6},"end":{"line":282,"column":79}},"162":{"start":{"line":283,"column":6},"end":{"line":283,"column":18}},"163":{"start":{"line":286,"column":4},"end":{"line":289,"column":5}},"164":{"start":{"line":287,"column":6},"end":{"line":287,"column":56}},"165":{"start":{"line":288,"column":6},"end":{"line":288,"column":18}},"166":{"start":{"line":291,"column":4},"end":{"line":311,"column":5}},"167":{"start":{"line":292,"column":6},"end":{"line":295,"column":7}},"168":{"start":{"line":293,"column":8},"end":{"line":293,"column":93}},"169":{"start":{"line":294,"column":8},"end":{"line":294,"column":20}},"170":{"start":{"line":297,"column":6},"end":{"line":300,"column":7}},"171":{"start":{"line":298,"column":8},"end":{"line":298,"column":87}},"172":{"start":{"line":299,"column":8},"end":{"line":299,"column":20}},"173":{"start":{"line":302,"column":6},"end":{"line":305,"column":7}},"174":{"start":{"line":303,"column":8},"end":{"line":303,"column":82}},"175":{"start":{"line":304,"column":8},"end":{"line":304,"column":20}},"176":{"start":{"line":307,"column":6},"end":{"line":310,"column":7}},"177":{"start":{"line":308,"column":8},"end":{"line":308,"column":58}},"178":{"start":{"line":309,"column":8},"end":{"line":309,"column":20}},"179":{"start":{"line":313,"column":4},"end":{"line":313,"column":20}},"180":{"start":{"line":314,"column":17},"end":{"line":318,"column":5}},"181":{"start":{"line":319,"column":4},"end":{"line":319,"column":68}},"182":{"start":{"line":320,"column":4},"end":{"line":320,"column":100}},"183":{"start":{"line":321,"column":4},"end":{"line":321,"column":26}},"184":{"start":{"line":322,"column":4},"end":{"line":322,"column":15}},"185":{"start":{"line":323,"column":4},"end":{"line":323,"column":21}},"186":{"start":{"line":326,"column":2},"end":{"line":328,"column":3}},"187":{"start":{"line":327,"column":4},"end":{"line":327,"column":40}},"188":{"start":{"line":329,"column":2},"end":{"line":606,"column":3}},"189":{"start":{"line":334,"column":27},"end":{"line":334,"column":50}},"190":{"start":{"line":338,"column":12},"end":{"line":338,"column":35}},"191":{"start":{"line":339,"column":12},"end":{"line":339,"column":71}},"192":{"start":{"line":341,"column":92},"end":{"line":341,"column":115}},"193":{"start":{"line":352,"column":12},"end":{"line":352,"column":47}},"194":{"start":{"line":353,"column":12},"end":{"line":353,"column":55}},"195":{"start":{"line":357,"column":85},"end":{"line":357,"column":96}},"196":{"start":{"line":370,"column":43},"end":{"line":370,"column":66}},"197":{"start":{"line":377,"column":28},"end":{"line":377,"column":51}},"198":{"start":{"line":385,"column":35},"end":{"line":385,"column":70}},"199":{"start":{"line":392,"column":118},"end":{"line":392,"column":140}},"200":{"start":{"line":394,"column":32},"end":{"line":394,"column":101}},"201":{"start":{"line":402,"column":35},"end":{"line":402,"column":60}},"202":{"start":{"line":413,"column":14},"end":{"line":413,"column":48}},"203":{"start":{"line":414,"column":14},"end":{"line":414,"column":61}},"204":{"start":{"line":432,"column":14},"end":{"line":432,"column":68}},"205":{"start":{"line":433,"column":14},"end":{"line":433,"column":53}},"206":{"start":{"line":438,"column":26},"end":{"line":438,"column":43}},"207":{"start":{"line":453,"column":14},"end":{"line":453,"column":56}},"208":{"start":{"line":454,"column":14},"end":{"line":454,"column":71}},"209":{"start":{"line":460,"column":27},"end":{"line":460,"column":48}},"210":{"start":{"line":473,"column":14},"end":{"line":473,"column":66}},"211":{"start":{"line":474,"column":14},"end":{"line":474,"column":51}},"212":{"start":{"line":479,"column":27},"end":{"line":479,"column":43}},"213":{"start":{"line":492,"column":12},"end":{"line":492,"column":50}},"214":{"start":{"line":493,"column":12},"end":{"line":493,"column":65}},"215":{"start":{"line":505,"column":32},"end":{"line":505,"column":52}},"216":{"start":{"line":512,"column":343},"end":{"line":512,"column":392}},"217":{"start":{"line":518,"column":121},"end":{"line":518,"column":144}},"218":{"start":{"line":520,"column":34},"end":{"line":520,"column":103}},"219":{"start":{"line":530,"column":6},"end":{"line":530,"column":61}},"220":{"start":{"line":531,"column":6},"end":{"line":531,"column":46}},"221":{"start":{"line":536,"column":18},"end":{"line":536,"column":36}},"222":{"start":{"line":552,"column":16},"end":{"line":552,"column":59}},"223":{"start":{"line":553,"column":16},"end":{"line":553,"column":74}},"224":{"start":{"line":559,"column":29},"end":{"line":559,"column":51}},"225":{"start":{"line":572,"column":14},"end":{"line":572,"column":67}},"226":{"start":{"line":573,"column":14},"end":{"line":573,"column":52}},"227":{"start":{"line":578,"column":27},"end":{"line":578,"column":44}},"228":{"start":{"line":591,"column":86},"end":{"line":591,"column":99}},"229":{"start":{"line":599,"column":82},"end":{"line":599,"column":97}}},"fnMap":{"0":{"name":"FillingScreen","decl":{"start":{"line":20,"column":9},"end":{"line":20,"column":22}},"loc":{"start":{"line":20,"column":53},"end":{"line":607,"column":1}},"line":20},"1":{"name":"(anonymous_1)","decl":{"start":{"line":63,"column":24},"end":{"line":63,"column":25}},"loc":{"start":{"line":63,"column":31},"end":{"line":73,"column":3}},"line":63},"2":{"name":"(anonymous_2)","decl":{"start":{"line":75,"column":26},"end":{"line":75,"column":27}},"loc":{"start":{"line":75,"column":33},"end":{"line":85,"column":3}},"line":75},"3":{"name":"(anonymous_3)","decl":{"start":{"line":87,"column":29},"end":{"line":87,"column":30}},"loc":{"start":{"line":87,"column":36},"end":{"line":97,"column":3}},"line":87},"4":{"name":"(anonymous_4)","decl":{"start":{"line":99,"column":25},"end":{"line":99,"column":26}},"loc":{"start":{"line":99,"column":32},"end":{"line":109,"column":3}},"line":99},"5":{"name":"(anonymous_5)","decl":{"start":{"line":111,"column":27},"end":{"line":111,"column":28}},"loc":{"start":{"line":111,"column":34},"end":{"line":121,"column":3}},"line":111},"6":{"name":"(anonymous_6)","decl":{"start":{"line":123,"column":30},"end":{"line":123,"column":31}},"loc":{"start":{"line":123,"column":37},"end":{"line":133,"column":3}},"line":123},"7":{"name":"(anonymous_7)","decl":{"start":{"line":135,"column":12},"end":{"line":135,"column":13}},"loc":{"start":{"line":135,"column":18},"end":{"line":153,"column":3}},"line":135},"8":{"name":"fetchData","decl":{"start":{"line":136,"column":19},"end":{"line":136,"column":28}},"loc":{"start":{"line":136,"column":31},"end":{"line":151,"column":5}},"line":136},"9":{"name":"(anonymous_9)","decl":{"start":{"line":155,"column":12},"end":{"line":155,"column":13}},"loc":{"start":{"line":155,"column":18},"end":{"line":212,"column":3}},"line":155},"10":{"name":"fetchData","decl":{"start":{"line":156,"column":19},"end":{"line":156,"column":28}},"loc":{"start":{"line":156,"column":31},"end":{"line":210,"column":5}},"line":156},"11":{"name":"(anonymous_11)","decl":{"start":{"line":214,"column":24},"end":{"line":214,"column":25}},"loc":{"start":{"line":214,"column":30},"end":{"line":234,"column":3}},"line":214},"12":{"name":"(anonymous_12)","decl":{"start":{"line":215,"column":27},"end":{"line":215,"column":28}},"loc":{"start":{"line":215,"column":39},"end":{"line":222,"column":5}},"line":215},"13":{"name":"(anonymous_13)","decl":{"start":{"line":229,"column":35},"end":{"line":229,"column":36}},"loc":{"start":{"line":229,"column":41},"end":{"line":229,"column":57}},"line":229},"14":{"name":"(anonymous_14)","decl":{"start":{"line":236,"column":20},"end":{"line":236,"column":21}},"loc":{"start":{"line":236,"column":26},"end":{"line":263,"column":3}},"line":236},"15":{"name":"(anonymous_15)","decl":{"start":{"line":265,"column":22},"end":{"line":265,"column":23}},"loc":{"start":{"line":265,"column":34},"end":{"line":324,"column":3}},"line":265},"16":{"name":"(anonymous_16)","decl":{"start":{"line":334,"column":21},"end":{"line":334,"column":22}},"loc":{"start":{"line":334,"column":27},"end":{"line":334,"column":50}},"line":334},"17":{"name":"(anonymous_17)","decl":{"start":{"line":337,"column":61},"end":{"line":337,"column":62}},"loc":{"start":{"line":337,"column":67},"end":{"line":340,"column":11}},"line":337},"18":{"name":"(anonymous_18)","decl":{"start":{"line":341,"column":86},"end":{"line":341,"column":87}},"loc":{"start":{"line":341,"column":92},"end":{"line":341,"column":115}},"line":341},"19":{"name":"(anonymous_19)","decl":{"start":{"line":351,"column":20},"end":{"line":351,"column":21}},"loc":{"start":{"line":351,"column":41},"end":{"line":354,"column":11}},"line":351},"20":{"name":"(anonymous_20)","decl":{"start":{"line":357,"column":79},"end":{"line":357,"column":80}},"loc":{"start":{"line":357,"column":85},"end":{"line":357,"column":96}},"line":357},"21":{"name":"(anonymous_21)","decl":{"start":{"line":370,"column":37},"end":{"line":370,"column":38}},"loc":{"start":{"line":370,"column":43},"end":{"line":370,"column":66}},"line":370},"22":{"name":"(anonymous_22)","decl":{"start":{"line":377,"column":21},"end":{"line":377,"column":22}},"loc":{"start":{"line":377,"column":27},"end":{"line":377,"column":52}},"line":377},"23":{"name":"(anonymous_23)","decl":{"start":{"line":385,"column":27},"end":{"line":385,"column":28}},"loc":{"start":{"line":385,"column":33},"end":{"line":385,"column":72}},"line":385},"24":{"name":"(anonymous_24)","decl":{"start":{"line":392,"column":105},"end":{"line":392,"column":106}},"loc":{"start":{"line":392,"column":118},"end":{"line":392,"column":140}},"line":392},"25":{"name":"(anonymous_25)","decl":{"start":{"line":394,"column":24},"end":{"line":394,"column":25}},"loc":{"start":{"line":394,"column":32},"end":{"line":394,"column":101}},"line":394},"26":{"name":"(anonymous_26)","decl":{"start":{"line":402,"column":27},"end":{"line":402,"column":28}},"loc":{"start":{"line":402,"column":33},"end":{"line":402,"column":62}},"line":402},"27":{"name":"(anonymous_27)","decl":{"start":{"line":412,"column":26},"end":{"line":412,"column":27}},"loc":{"start":{"line":412,"column":34},"end":{"line":415,"column":13}},"line":412},"28":{"name":"(anonymous_28)","decl":{"start":{"line":431,"column":26},"end":{"line":431,"column":27}},"loc":{"start":{"line":431,"column":34},"end":{"line":434,"column":13}},"line":431},"29":{"name":"(anonymous_29)","decl":{"start":{"line":438,"column":20},"end":{"line":438,"column":21}},"loc":{"start":{"line":438,"column":26},"end":{"line":438,"column":43}},"line":438},"30":{"name":"(anonymous_30)","decl":{"start":{"line":452,"column":26},"end":{"line":452,"column":27}},"loc":{"start":{"line":452,"column":34},"end":{"line":455,"column":13}},"line":452},"31":{"name":"(anonymous_31)","decl":{"start":{"line":460,"column":20},"end":{"line":460,"column":21}},"loc":{"start":{"line":460,"column":27},"end":{"line":460,"column":48}},"line":460},"32":{"name":"(anonymous_32)","decl":{"start":{"line":472,"column":26},"end":{"line":472,"column":27}},"loc":{"start":{"line":472,"column":34},"end":{"line":475,"column":13}},"line":472},"33":{"name":"(anonymous_33)","decl":{"start":{"line":479,"column":20},"end":{"line":479,"column":21}},"loc":{"start":{"line":479,"column":27},"end":{"line":479,"column":43}},"line":479},"34":{"name":"(anonymous_34)","decl":{"start":{"line":491,"column":24},"end":{"line":491,"column":25}},"loc":{"start":{"line":491,"column":32},"end":{"line":494,"column":11}},"line":491},"35":{"name":"(anonymous_35)","decl":{"start":{"line":505,"column":24},"end":{"line":505,"column":25}},"loc":{"start":{"line":505,"column":32},"end":{"line":505,"column":52}},"line":505},"36":{"name":"(anonymous_36)","decl":{"start":{"line":512,"column":333},"end":{"line":512,"column":334}},"loc":{"start":{"line":512,"column":343},"end":{"line":512,"column":392}},"line":512},"37":{"name":"(anonymous_37)","decl":{"start":{"line":518,"column":108},"end":{"line":518,"column":109}},"loc":{"start":{"line":518,"column":121},"end":{"line":518,"column":144}},"line":518},"38":{"name":"(anonymous_38)","decl":{"start":{"line":520,"column":26},"end":{"line":520,"column":27}},"loc":{"start":{"line":520,"column":34},"end":{"line":520,"column":103}},"line":520},"39":{"name":"(anonymous_39)","decl":{"start":{"line":529,"column":18},"end":{"line":529,"column":19}},"loc":{"start":{"line":529,"column":26},"end":{"line":532,"column":5}},"line":529},"40":{"name":"(anonymous_40)","decl":{"start":{"line":536,"column":12},"end":{"line":536,"column":13}},"loc":{"start":{"line":536,"column":18},"end":{"line":536,"column":36}},"line":536},"41":{"name":"(anonymous_41)","decl":{"start":{"line":551,"column":28},"end":{"line":551,"column":29}},"loc":{"start":{"line":551,"column":36},"end":{"line":554,"column":15}},"line":551},"42":{"name":"(anonymous_42)","decl":{"start":{"line":559,"column":22},"end":{"line":559,"column":23}},"loc":{"start":{"line":559,"column":29},"end":{"line":559,"column":51}},"line":559},"43":{"name":"(anonymous_43)","decl":{"start":{"line":571,"column":26},"end":{"line":571,"column":27}},"loc":{"start":{"line":571,"column":34},"end":{"line":574,"column":13}},"line":571},"44":{"name":"(anonymous_44)","decl":{"start":{"line":578,"column":20},"end":{"line":578,"column":21}},"loc":{"start":{"line":578,"column":27},"end":{"line":578,"column":44}},"line":578},"45":{"name":"(anonymous_45)","decl":{"start":{"line":591,"column":80},"end":{"line":591,"column":81}},"loc":{"start":{"line":591,"column":86},"end":{"line":591,"column":99}},"line":591},"46":{"name":"(anonymous_46)","decl":{"start":{"line":599,"column":76},"end":{"line":599,"column":77}},"loc":{"start":{"line":599,"column":82},"end":{"line":599,"column":97}},"line":599}},"branchMap":{"0":{"loc":{"start":{"line":64,"column":4},"end":{"line":67,"column":5}},"type":"if","locations":[{"start":{"line":64,"column":4},"end":{"line":67,"column":5}},{"start":{},"end":{}}],"line":64},"1":{"loc":{"start":{"line":64,"column":8},"end":{"line":64,"column":31}},"type":"binary-expr","locations":[{"start":{"line":64,"column":8},"end":{"line":64,"column":15}},{"start":{"line":64,"column":19},"end":{"line":64,"column":31}}],"line":64},"2":{"loc":{"start":{"line":69,"column":4},"end":{"line":72,"column":5}},"type":"if","locations":[{"start":{"line":69,"column":4},"end":{"line":72,"column":5}},{"start":{},"end":{}}],"line":69},"3":{"loc":{"start":{"line":69,"column":8},"end":{"line":69,"column":28}},"type":"binary-expr","locations":[{"start":{"line":69,"column":8},"end":{"line":69,"column":17}},{"start":{"line":69,"column":21},"end":{"line":69,"column":28}}],"line":69},"4":{"loc":{"start":{"line":76,"column":4},"end":{"line":79,"column":5}},"type":"if","locations":[{"start":{"line":76,"column":4},"end":{"line":79,"column":5}},{"start":{},"end":{}}],"line":76},"5":{"loc":{"start":{"line":76,"column":8},"end":{"line":76,"column":33}},"type":"binary-expr","locations":[{"start":{"line":76,"column":8},"end":{"line":76,"column":17}},{"start":{"line":76,"column":21},"end":{"line":76,"column":33}}],"line":76},"6":{"loc":{"start":{"line":81,"column":4},"end":{"line":84,"column":5}},"type":"if","locations":[{"start":{"line":81,"column":4},"end":{"line":84,"column":5}},{"start":{},"end":{}}],"line":81},"7":{"loc":{"start":{"line":81,"column":8},"end":{"line":81,"column":28}},"type":"binary-expr","locations":[{"start":{"line":81,"column":8},"end":{"line":81,"column":17}},{"start":{"line":81,"column":21},"end":{"line":81,"column":28}}],"line":81},"8":{"loc":{"start":{"line":88,"column":4},"end":{"line":91,"column":5}},"type":"if","locations":[{"start":{"line":88,"column":4},"end":{"line":91,"column":5}},{"start":{},"end":{}}],"line":88},"9":{"loc":{"start":{"line":88,"column":8},"end":{"line":88,"column":31}},"type":"binary-expr","locations":[{"start":{"line":88,"column":8},"end":{"line":88,"column":15}},{"start":{"line":88,"column":19},"end":{"line":88,"column":31}}],"line":88},"10":{"loc":{"start":{"line":93,"column":4},"end":{"line":96,"column":5}},"type":"if","locations":[{"start":{"line":93,"column":4},"end":{"line":96,"column":5}},{"start":{},"end":{}}],"line":93},"11":{"loc":{"start":{"line":93,"column":8},"end":{"line":93,"column":33}},"type":"binary-expr","locations":[{"start":{"line":93,"column":8},"end":{"line":93,"column":17}},{"start":{"line":93,"column":21},"end":{"line":93,"column":33}}],"line":93},"12":{"loc":{"start":{"line":100,"column":4},"end":{"line":103,"column":5}},"type":"if","locations":[{"start":{"line":100,"column":4},"end":{"line":103,"column":5}},{"start":{},"end":{}}],"line":100},"13":{"loc":{"start":{"line":100,"column":8},"end":{"line":100,"column":33}},"type":"binary-expr","locations":[{"start":{"line":100,"column":8},"end":{"line":100,"column":16}},{"start":{"line":100,"column":20},"end":{"line":100,"column":33}}],"line":100},"14":{"loc":{"start":{"line":105,"column":4},"end":{"line":108,"column":5}},"type":"if","locations":[{"start":{"line":105,"column":4},"end":{"line":108,"column":5}},{"start":{},"end":{}}],"line":105},"15":{"loc":{"start":{"line":105,"column":8},"end":{"line":105,"column":30}},"type":"binary-expr","locations":[{"start":{"line":105,"column":8},"end":{"line":105,"column":18}},{"start":{"line":105,"column":22},"end":{"line":105,"column":30}}],"line":105},"16":{"loc":{"start":{"line":112,"column":4},"end":{"line":115,"column":5}},"type":"if","locations":[{"start":{"line":112,"column":4},"end":{"line":115,"column":5}},{"start":{},"end":{}}],"line":112},"17":{"loc":{"start":{"line":112,"column":8},"end":{"line":112,"column":35}},"type":"binary-expr","locations":[{"start":{"line":112,"column":8},"end":{"line":112,"column":18}},{"start":{"line":112,"column":22},"end":{"line":112,"column":35}}],"line":112},"18":{"loc":{"start":{"line":117,"column":4},"end":{"line":120,"column":5}},"type":"if","locations":[{"start":{"line":117,"column":4},"end":{"line":120,"column":5}},{"start":{},"end":{}}],"line":117},"19":{"loc":{"start":{"line":117,"column":8},"end":{"line":117,"column":30}},"type":"binary-expr","locations":[{"start":{"line":117,"column":8},"end":{"line":117,"column":18}},{"start":{"line":117,"column":22},"end":{"line":117,"column":30}}],"line":117},"20":{"loc":{"start":{"line":124,"column":4},"end":{"line":127,"column":5}},"type":"if","locations":[{"start":{"line":124,"column":4},"end":{"line":127,"column":5}},{"start":{},"end":{}}],"line":124},"21":{"loc":{"start":{"line":124,"column":8},"end":{"line":124,"column":33}},"type":"binary-expr","locations":[{"start":{"line":124,"column":8},"end":{"line":124,"column":16}},{"start":{"line":124,"column":20},"end":{"line":124,"column":33}}],"line":124},"22":{"loc":{"start":{"line":129,"column":4},"end":{"line":132,"column":5}},"type":"if","locations":[{"start":{"line":129,"column":4},"end":{"line":132,"column":5}},{"start":{},"end":{}}],"line":129},"23":{"loc":{"start":{"line":129,"column":8},"end":{"line":129,"column":35}},"type":"binary-expr","locations":[{"start":{"line":129,"column":8},"end":{"line":129,"column":18}},{"start":{"line":129,"column":22},"end":{"line":129,"column":35}}],"line":129},"24":{"loc":{"start":{"line":140,"column":8},"end":{"line":148,"column":9}},"type":"if","locations":[{"start":{"line":140,"column":8},"end":{"line":148,"column":9}},{"start":{},"end":{}}],"line":140},"25":{"loc":{"start":{"line":157,"column":6},"end":{"line":209,"column":7}},"type":"if","locations":[{"start":{"line":157,"column":6},"end":{"line":209,"column":7}},{"start":{"line":197,"column":13},"end":{"line":209,"column":7}}],"line":157},"26":{"loc":{"start":{"line":157,"column":10},"end":{"line":157,"column":55}},"type":"binary-expr","locations":[{"start":{"line":157,"column":10},"end":{"line":157,"column":22}},{"start":{"line":157,"column":26},"end":{"line":157,"column":55}}],"line":157},"27":{"loc":{"start":{"line":161,"column":8},"end":{"line":194,"column":9}},"type":"if","locations":[{"start":{"line":161,"column":8},"end":{"line":194,"column":9}},{"start":{},"end":{}}],"line":161},"28":{"loc":{"start":{"line":177,"column":10},"end":{"line":193,"column":11}},"type":"if","locations":[{"start":{"line":177,"column":10},"end":{"line":193,"column":11}},{"start":{"line":186,"column":17},"end":{"line":193,"column":11}}],"line":177},"29":{"loc":{"start":{"line":199,"column":8},"end":{"line":208,"column":9}},"type":"if","locations":[{"start":{"line":199,"column":8},"end":{"line":208,"column":9}},{"start":{},"end":{}}],"line":199},"30":{"loc":{"start":{"line":266,"column":4},"end":{"line":269,"column":5}},"type":"if","locations":[{"start":{"line":266,"column":4},"end":{"line":269,"column":5}},{"start":{},"end":{}}],"line":266},"31":{"loc":{"start":{"line":266,"column":8},"end":{"line":266,"column":41}},"type":"binary-expr","locations":[{"start":{"line":266,"column":8},"end":{"line":266,"column":21}},{"start":{"line":266,"column":25},"end":{"line":266,"column":41}}],"line":266},"32":{"loc":{"start":{"line":271,"column":4},"end":{"line":274,"column":5}},"type":"if","locations":[{"start":{"line":271,"column":4},"end":{"line":274,"column":5}},{"start":{},"end":{}}],"line":271},"33":{"loc":{"start":{"line":271,"column":8},"end":{"line":271,"column":35}},"type":"binary-expr","locations":[{"start":{"line":271,"column":8},"end":{"line":271,"column":18}},{"start":{"line":271,"column":22},"end":{"line":271,"column":35}}],"line":271},"34":{"loc":{"start":{"line":276,"column":4},"end":{"line":279,"column":5}},"type":"if","locations":[{"start":{"line":276,"column":4},"end":{"line":279,"column":5}},{"start":{},"end":{}}],"line":276},"35":{"loc":{"start":{"line":276,"column":8},"end":{"line":276,"column":21}},"type":"binary-expr","locations":[{"start":{"line":276,"column":8},"end":{"line":276,"column":11}},{"start":{"line":276,"column":15},"end":{"line":276,"column":21}}],"line":276},"36":{"loc":{"start":{"line":281,"column":4},"end":{"line":284,"column":5}},"type":"if","locations":[{"start":{"line":281,"column":4},"end":{"line":284,"column":5}},{"start":{},"end":{}}],"line":281},"37":{"loc":{"start":{"line":281,"column":8},"end":{"line":281,"column":31}},"type":"binary-expr","locations":[{"start":{"line":281,"column":8},"end":{"line":281,"column":16}},{"start":{"line":281,"column":20},"end":{"line":281,"column":31}}],"line":281},"38":{"loc":{"start":{"line":286,"column":4},"end":{"line":289,"column":5}},"type":"if","locations":[{"start":{"line":286,"column":4},"end":{"line":289,"column":5}},{"start":{},"end":{}}],"line":286},"39":{"loc":{"start":{"line":291,"column":4},"end":{"line":311,"column":5}},"type":"if","locations":[{"start":{"line":291,"column":4},"end":{"line":311,"column":5}},{"start":{},"end":{}}],"line":291},"40":{"loc":{"start":{"line":292,"column":6},"end":{"line":295,"column":7}},"type":"if","locations":[{"start":{"line":292,"column":6},"end":{"line":295,"column":7}},{"start":{},"end":{}}],"line":292},"41":{"loc":{"start":{"line":292,"column":10},"end":{"line":292,"column":45}},"type":"binary-expr","locations":[{"start":{"line":292,"column":10},"end":{"line":292,"column":24}},{"start":{"line":292,"column":28},"end":{"line":292,"column":45}}],"line":292},"42":{"loc":{"start":{"line":297,"column":6},"end":{"line":300,"column":7}},"type":"if","locations":[{"start":{"line":297,"column":6},"end":{"line":300,"column":7}},{"start":{},"end":{}}],"line":297},"43":{"loc":{"start":{"line":297,"column":10},"end":{"line":297,"column":39}},"type":"binary-expr","locations":[{"start":{"line":297,"column":10},"end":{"line":297,"column":21}},{"start":{"line":297,"column":25},"end":{"line":297,"column":39}}],"line":297},"44":{"loc":{"start":{"line":302,"column":6},"end":{"line":305,"column":7}},"type":"if","locations":[{"start":{"line":302,"column":6},"end":{"line":305,"column":7}},{"start":{},"end":{}}],"line":302},"45":{"loc":{"start":{"line":302,"column":10},"end":{"line":302,"column":35}},"type":"binary-expr","locations":[{"start":{"line":302,"column":10},"end":{"line":302,"column":19}},{"start":{"line":302,"column":23},"end":{"line":302,"column":35}}],"line":302},"46":{"loc":{"start":{"line":307,"column":6},"end":{"line":310,"column":7}},"type":"if","locations":[{"start":{"line":307,"column":6},"end":{"line":310,"column":7}},{"start":{},"end":{}}],"line":307},"47":{"loc":{"start":{"line":320,"column":27},"end":{"line":320,"column":52}},"type":"binary-expr","locations":[{"start":{"line":320,"column":27},"end":{"line":320,"column":43}},{"start":{"line":320,"column":47},"end":{"line":320,"column":52}}],"line":320},"48":{"loc":{"start":{"line":320,"column":56},"end":{"line":320,"column":97}},"type":"cond-expr","locations":[{"start":{"line":320,"column":75},"end":{"line":320,"column":84}},{"start":{"line":320,"column":87},"end":{"line":320,"column":97}}],"line":320},"49":{"loc":{"start":{"line":326,"column":2},"end":{"line":328,"column":3}},"type":"if","locations":[{"start":{"line":326,"column":2},"end":{"line":328,"column":3}},{"start":{},"end":{}}],"line":326},"50":{"loc":{"start":{"line":347,"column":7},"end":{"line":355,"column":10}},"type":"binary-expr","locations":[{"start":{"line":347,"column":7},"end":{"line":347,"column":21}},{"start":{"line":348,"column":8},"end":{"line":355,"column":10}}],"line":347},"51":{"loc":{"start":{"line":353,"column":27},"end":{"line":353,"column":54}},"type":"binary-expr","locations":[{"start":{"line":353,"column":27},"end":{"line":353,"column":39}},{"start":{"line":353,"column":43},"end":{"line":353,"column":54}}],"line":353},"52":{"loc":{"start":{"line":421,"column":11},"end":{"line":423,"column":23}},"type":"binary-expr","locations":[{"start":{"line":421,"column":11},"end":{"line":421,"column":27}},{"start":{"line":421,"column":31},"end":{"line":423,"column":23}}],"line":421},"53":{"loc":{"start":{"line":441,"column":11},"end":{"line":443,"column":23}},"type":"binary-expr","locations":[{"start":{"line":441,"column":11},"end":{"line":441,"column":34}},{"start":{"line":441,"column":38},"end":{"line":443,"column":23}}],"line":441},"54":{"loc":{"start":{"line":463,"column":11},"end":{"line":465,"column":23}},"type":"binary-expr","locations":[{"start":{"line":463,"column":11},"end":{"line":463,"column":37}},{"start":{"line":463,"column":41},"end":{"line":465,"column":23}}],"line":463},"55":{"loc":{"start":{"line":482,"column":11},"end":{"line":484,"column":23}},"type":"binary-expr","locations":[{"start":{"line":482,"column":11},"end":{"line":482,"column":32}},{"start":{"line":482,"column":36},"end":{"line":484,"column":23}}],"line":482},"56":{"loc":{"start":{"line":512,"column":86},"end":{"line":512,"column":125}},"type":"cond-expr","locations":[{"start":{"line":512,"column":99},"end":{"line":512,"column":121}},{"start":{"line":512,"column":124},"end":{"line":512,"column":125}}],"line":512},"57":{"loc":{"start":{"line":512,"column":130},"end":{"line":512,"column":165}},"type":"cond-expr","locations":[{"start":{"line":512,"column":141},"end":{"line":512,"column":161}},{"start":{"line":512,"column":164},"end":{"line":512,"column":165}}],"li
[...]
{"line":160,"column":4},"end":{"line":160,"column":81}},"83":{"start":{"line":163,"column":2},"end":{"line":165,"column":3}},"84":{"start":{"line":164,"column":4},"end":{"line":164,"column":40}},"85":{"start":{"line":166,"column":2},"end":{"line":315,"column":3}},"86":{"start":{"line":171,"column":27},"end":{"line":171,"column":50}},"87":{"start":{"line":176,"column":12},"end":{"line":176,"column":35}},"88":{"start":{"line":177,"column":12},"end":{"line":181,"column":14}},"89":{"start":{"line":182,"column":12},"end":{"line":182,"column":23}},"90":{"start":{"line":186,"column":12},"end":{"line":186,"column":35}},"91":{"start":{"line":187,"column":12},"end":{"line":187,"column":23}},"92":{"start":{"line":188,"column":12},"end":{"line":188,"column":66}},"93":{"start":{"line":192,"column":12},"end":{"line":192,"column":23}},"94":{"start":{"line":193,"column":12},"end":{"line":193,"column":35}},"95":{"start":{"line":205,"column":12},"end":{"line":205,"column":47}},"96":{"start":{"line":206,"column":12},"end":{"line":206,"column":41}},"97":{"start":{"line":210,"column":86},"end":{"line":210,"column":97}},"98":{"start":{"line":223,"column":43},"end":{"line":223,"column":66}},"99":{"start":{"line":230,"column":28},"end":{"line":230,"column":51}},"100":{"start":{"line":236,"column":122},"end":{"line":236,"column":148}},"101":{"start":{"line":238,"column":56},"end":{"line":238,"column":137}},"102":{"start":{"line":250,"column":14},"end":{"line":250,"column":49}},"103":{"start":{"line":251,"column":14},"end":{"line":251,"column":64}},"104":{"start":{"line":270,"column":12},"end":{"line":270,"column":46}},"105":{"start":{"line":281,"column":32},"end":{"line":281,"column":52}},"106":{"start":{"line":291,"column":32},"end":{"line":291,"column":51}},"107":{"start":{"line":300,"column":86},"end":{"line":300,"column":100}},"108":{"start":{"line":308,"column":82},"end":{"line":308,"column":98}}},"fnMap":{"0":{"name":"SpendingScreen","decl":{"start":{"line":19,"column":9},"end":{"line":19,"column":23}},"loc":{"start":{"line":19,"column":54},"end":{"line":316,"column":1}},"line":19},"1":{"name":"(anonymous_1)","decl":{"start":{"line":42,"column":12},"end":{"line":42,"column":13}},"loc":{"start":{"line":42,"column":18},"end":{"line":62,"column":3}},"line":42},"2":{"name":"fetchData","decl":{"start":{"line":45,"column":19},"end":{"line":45,"column":28}},"loc":{"start":{"line":45,"column":31},"end":{"line":60,"column":5}},"line":45},"3":{"name":"(anonymous_3)","decl":{"start":{"line":64,"column":12},"end":{"line":64,"column":13}},"loc":{"start":{"line":64,"column":18},"end":{"line":103,"column":3}},"line":64},"4":{"name":"fetchData","decl":{"start":{"line":65,"column":19},"end":{"line":65,"column":28}},"loc":{"start":{"line":65,"column":31},"end":{"line":101,"column":5}},"line":65},"5":{"name":"(anonymous_5)","decl":{"start":{"line":105,"column":25},"end":{"line":105,"column":26}},"loc":{"start":{"line":105,"column":31},"end":{"line":126,"column":3}},"line":105},"6":{"name":"(anonymous_6)","decl":{"start":{"line":106,"column":26},"end":{"line":106,"column":27}},"loc":{"start":{"line":106,"column":38},"end":{"line":114,"column":5}},"line":106},"7":{"name":"(anonymous_7)","decl":{"start":{"line":121,"column":35},"end":{"line":121,"column":36}},"loc":{"start":{"line":121,"column":41},"end":{"line":121,"column":56}},"line":121},"8":{"name":"(anonymous_8)","decl":{"start":{"line":128,"column":20},"end":{"line":128,"column":21}},"loc":{"start":{"line":128,"column":26},"end":{"line":138,"column":3}},"line":128},"9":{"name":"(anonymous_9)","decl":{"start":{"line":140,"column":23},"end":{"line":140,"column":24}},"loc":{"start":{"line":140,"column":35},"end":{"line":161,"column":3}},"line":140},"10":{"name":"(anonymous_10)","decl":{"start":{"line":171,"column":21},"end":{"line":171,"column":22}},"loc":{"start":{"line":171,"column":27},"end":{"line":171,"column":50}},"line":171},"11":{"name":"(anonymous_11)","decl":{"start":{"line":175,"column":61},"end":{"line":175,"column":62}},"loc":{"start":{"line":175,"column":67},"end":{"line":183,"column":11}},"line":175},"12":{"name":"(anonymous_12)","decl":{"start":{"line":185,"column":85},"end":{"line":185,"column":86}},"loc":{"start":{"line":185,"column":91},"end":{"line":189,"column":11}},"line":185},"13":{"name":"(anonymous_13)","decl":{"start":{"line":191,"column":86},"end":{"line":191,"column":87}},"loc":{"start":{"line":191,"column":92},"end":{"line":194,"column":13}},"line":191},"14":{"name":"(anonymous_14)","decl":{"start":{"line":204,"column":20},"end":{"line":204,"column":21}},"loc":{"start":{"line":204,"column":45},"end":{"line":207,"column":11}},"line":204},"15":{"name":"(anonymous_15)","decl":{"start":{"line":210,"column":80},"end":{"line":210,"column":81}},"loc":{"start":{"line":210,"column":86},"end":{"line":210,"column":97}},"line":210},"16":{"name":"(anonymous_16)","decl":{"start":{"line":223,"column":37},"end":{"line":223,"column":38}},"loc":{"start":{"line":223,"column":43},"end":{"line":223,"column":66}},"line":223},"17":{"name":"(anonymous_17)","decl":{"start":{"line":230,"column":21},"end":{"line":230,"column":22}},"loc":{"start":{"line":230,"column":27},"end":{"line":230,"column":52}},"line":230},"18":{"name":"(anonymous_18)","decl":{"start":{"line":236,"column":109},"end":{"line":236,"column":110}},"loc":{"start":{"line":236,"column":122},"end":{"line":236,"column":148}},"line":236},"19":{"name":"(anonymous_19)","decl":{"start":{"line":238,"column":44},"end":{"line":238,"column":45}},"loc":{"start":{"line":238,"column":56},"end":{"line":238,"column":137}},"line":238},"20":{"name":"(anonymous_20)","decl":{"start":{"line":249,"column":26},"end":{"line":249,"column":27}},"loc":{"start":{"line":249,"column":34},"end":{"line":252,"column":13}},"line":249},"21":{"name":"(anonymous_21)","decl":{"start":{"line":269,"column":24},"end":{"line":269,"column":25}},"loc":{"start":{"line":269,"column":32},"end":{"line":271,"column":11}},"line":269},"22":{"name":"(anonymous_22)","decl":{"start":{"line":281,"column":24},"end":{"line":281,"column":25}},"loc":{"start":{"line":281,"column":32},"end":{"line":281,"column":52}},"line":281},"23":{"name":"(anonymous_23)","decl":{"start":{"line":291,"column":24},"end":{"line":291,"column":25}},"loc":{"start":{"line":291,"column":32},"end":{"line":291,"column":51}},"line":291},"24":{"name":"(anonymous_24)","decl":{"start":{"line":300,"column":80},"end":{"line":300,"column":81}},"loc":{"start":{"line":300,"column":86},"end":{"line":300,"column":100}},"line":300},"25":{"name":"(anonymous_25)","decl":{"start":{"line":308,"column":76},"end":{"line":308,"column":77}},"loc":{"start":{"line":308,"column":82},"end":{"line":308,"column":98}},"line":308}},"branchMap":{"0":{"loc":{"start":{"line":49,"column":6},"end":{"line":56,"column":7}},"type":"if","locations":[{"start":{"line":49,"column":6},"end":{"line":56,"column":7}},{"start":{},"end":{}}],"line":49},"1":{"loc":{"start":{"line":66,"column":6},"end":{"line":100,"column":7}},"type":"if","locations":[{"start":{"line":66,"column":6},"end":{"line":100,"column":7}},{"start":{"line":86,"column":13},"end":{"line":100,"column":7}}],"line":66},"2":{"loc":{"start":{"line":66,"column":10},"end":{"line":66,"column":47}},"type":"binary-expr","locations":[{"start":{"line":66,"column":10},"end":{"line":66,"column":22}},{"start":{"line":66,"column":26},"end":{"line":66,"column":47}}],"line":66},"3":{"loc":{"start":{"line":71,"column":8},"end":{"line":83,"column":9}},"type":"if","locations":[{"start":{"line":71,"column":8},"end":{"line":83,"column":9}},{"start":{},"end":{}}],"line":71},"4":{"loc":{"start":{"line":78,"column":10},"end":{"line":80,"column":11}},"type":"if","locations":[{"start":{"line":78,"column":10},"end":{"line":80,"column":11}},{"start":{},"end":{}}],"line":78},"5":{"loc":{"start":{"line":90,"column":8},"end":{"line":99,"column":9}},"type":"if","locations":[{"start":{"line":90,"column":8},"end":{"line":99,"column":9}},{"start":{},"end":{}}],"line":90},"6":{"loc":{"start":{"line":141,"column":4},"end":{"line":144,"column":5}},"type":"if","locations":[{"start":{"line":141,"column":4},"end":{"line":144,"column":5}},{"start":{},"end":{}}],"line":141},"7":{"loc":{"start":{"line":141,"column":8},"end":{"line":141,"column":27}},"type":"binary-expr","locations":[{"start":{"line":141,"column":8},"end":{"line":141,"column":14}},{"start":{"line":141,"column":18},"end":{"line":141,"column":27}}],"line":141},"8":{"loc":{"start":{"line":160,"column":45},"end":{"line":160,"column":78}},"type":"cond-expr","locations":[{"start":{"line":160,"column":56},"end":{"line":160,"column":65}},{"start":{"line":160,"column":68},"end":{"line":160,"column":78}}],"line":160},"9":{"loc":{"start":{"line":163,"column":2},"end":{"line":165,"column":3}},"type":"if","locations":[{"start":{"line":163,"column":2},"end":{"line":165,"column":3}},{"start":{},"end":{}}],"line":163},"10":{"loc":{"start":{"line":200,"column":7},"end":{"line":208,"column":10}},"type":"binary-expr","locations":[{"start":{"line":200,"column":7},"end":{"line":200,"column":21}},{"start":{"line":201,"column":8},"end":{"line":208,"column":10}}],"line":200},"11":{"loc":{"start":{"line":206,"column":20},"end":{"line":206,"column":40}},"type":"binary-expr","locations":[{"start":{"line":206,"column":20},"end":{"line":206,"column":32}},{"start":{"line":206,"column":36},"end":{"line":206,"column":40}}],"line":206},"12":{"loc":{"start":{"line":259,"column":11},"end":{"line":261,"column":23}},"type":"binary-expr","locations":[{"start":{"line":259,"column":11},"end":{"line":259,"column":30}},{"start":{"line":259,"column":34},"end":{"line":261,"column":23}}],"line":259},"13":{"loc":{"start":{"line":306,"column":9},"end":{"line":310,"column":19}},"type":"binary-expr","locations":[{"start":{"line":306,"column":9},"end":{"line":306,"column":17}},{"start":{"line":307,"column":10},"end":{"line":310,"column":19}}],"line":306}},"s":{"0":0,"1":0,"2":0,"3":0,"4":0,"5":0,"6":0,"7":0,"8":0,"9":0,"10":0,"11":0,"12":0,"13":0,"14":0,"15":0,"16":0,"17":0,"18":0,"19":0,"20":0,"21":0,"22":0,"23":0,"24":0,"25":0,"26":0,"27":0,"28":0,"29":0,"30":0,"31":0,"32":0,"33":0,"34":0,"35":0,"36":0,"37":0,"38":0,"39":0,"40":0,"41":0,"42":0,"43":0,"44":0,"45":0,"46":0,"47":0,"48":0,"49":0,"50":0,"51":0,"52":0,"53":0,"54":0,"55":0,"56":0,"57":0,"58":0,"59":0,"60":0,"61":0,"62":0,"63":0,"64":0,"65":0,"66":0,"67":0,"68":0,"69":0,"70":0,"71":0,"72":0,"73":0,"74":0,"75":0,"76":0,"77":0,"78":0,"79":0,"80":0,"81":0,"82":0,"83":0,"84":0,"85":0,"86":0,"87":0,"88":0,"89":0,"90":0,"91":0,"92":0,"93":0,"94":0,"95":0,"96":0,"97":0,"98":0,"99":0,"100":0,"101":0,"102":0,"103":0,"104":0,"105":0,"106":0,"107":0,"108":0},"f":{"0":0,"1":0,"2":0,"3":0,"4":0,"5":0,"6":0,"7":0,"8":0,"9":0,"10":0,"11":0,"12":0,"13":0,"14":0,"15":0,"16":0,"17":0,"18":0,"19":0,"20":0,"21":0,"22":0,"23":0,"24":0,"25":0},"b":{"0":[0,0],"1":[0,0],"2":[0,0],"3":[0,0],"4":[0,0],"5":[0,0],"6":[0,0],"7":[0,0],"8":[0,0],"9":[0,0],"10":[0,0],"11":[0,0],"12":[0,0],"13":[0,0]}}
,"/Users/leonardopimentelferreira/Projects/CarManager/screens/style.js": {"path":"/Users/leonardopimentelferreira/Projects/CarManager/screens/style.js","statementMap":{"0":{"start":{"line":6,"column":23},"end":{"line":6,"column":28}},"1":{"start":{"line":7,"column":4},"end":{"line":30,"column":7}},"2":{"start":{"line":33,"column":19},"end":{"line":33,"column":53}},"3":{"start":{"line":33,"column":26},"end":{"line":33,"column":53}}},"fnMap":{"0":{"name":"getStyles","decl":{"start":{"line":5,"column":9},"end":{"line":5,"column":18}},"loc":{"start":{"line":5,"column":26},"end":{"line":31,"column":1}},"line":5},"1":{"name":"(anonymous_1)","decl":{"start":{"line":33,"column":19},"end":{"line":33,"column":20}},"loc":{"start":{"line":33,"column":26},"end":{"line":33,"column":53}},"line":33}},"branchMap":{},"s":{"0":0,"1":0,"2":0,"3":0},"f":{"0":0,"1":0},"b":{}}
,"/Users/leonardopimentelferreira/Projects/CarManager/utils/csv.js": {"path":"/Users/leonardopimentelferreira/Projects/CarManager/utils/csv.js","statementMap":{"0":{"start":{"line":12,"column":19},"end":{"line":20,"column":1}},"1":{"start":{"line":13,"column":4},"end":{"line":19,"column":21}},"2":{"start":{"line":14,"column":8},"end":{"line":18,"column":18}},"3":{"start":{"line":15,"column":18},"end":{"line":15,"column":72}},"4":{"start":{"line":16,"column":18},"end":{"line":16,"column":41}},"5":{"start":{"line":17,"column":18},"end":{"line":17,"column":26}},"6":{"start":{"line":22,"column":25},"end":{"line":35,"column":1}},"7":{"start":{"line":23,"column":31},"end":{"line":23,"column":79}},"8":{"start":{"line":24,"column":16},"end":{"line":24,"column":53}},"9":{"start":{"line":25,"column":4},"end":{"line":25,"column":47}},"10":{"start":{"line":26,"column":4},"end":{"line":28,"column":7}},"11":{"start":{"line":29,"column":4},"end":{"line":29,"column":41}},"12":{"start":{"line":31,"column":4},"end":{"line":34,"column":5}},"13":{"start":{"line":32,"column":8},"end":{"line":32,"column":53}}},"fnMap":{"0":{"name":"(anonymous_0)","decl":{"start":{"line":12,"column":19},"end":{"line":12,"column":20}},"loc":{"start":{"line":12,"column":29},"end":{"line":20,"column":1}},"line":12},"1":{"name":"(anonymous_1)","decl":{"start":{"line":13,"column":20},"end":{"line":13,"column":21}},"loc":{"start":{"line":14,"column":8},"end":{"line":18,"column":18}},"line":14},"2":{"name":"(anonymous_2)","decl":{"start":{"line":15,"column":13},"end":{"line":15,"column":14}},"loc":{"start":{"line":15,"column":18},"end":{"line":15,"column":72}},"line":15},"3":{"name":"(anonymous_3)","decl":{"start":{"line":16,"column":13},"end":{"line":16,"column":14}},"loc":{"start":{"line":16,"column":18},"end":{"line":16,"column":41}},"line":16},"4":{"name":"(anonymous_4)","decl":{"start":{"line":17,"column":13},"end":{"line":17,"column":14}},"loc":{"start":{"line":17,"column":18},"end":{"line":17,"column":26}},"line":17},"5":{"name":"(anonymous_5)","decl":{"start":{"line":22,"column":25},"end":{"line":22,"column":26}},"loc":{"start":{"line":22,"column":89},"end":{"line":35,"column":1}},"line":22}},"branchMap":{"0":{"loc":{"start":{"line":15,"column":18},"end":{"line":15,"column":72}},"type":"cond-expr","locations":[{"start":{"line":15,"column":58},"end":{"line":15,"column":60}},{"start":{"line":15,"column":63},"end":{"line":15,"column":72}}],"line":15},"1":{"loc":{"start":{"line":15,"column":18},"end":{"line":15,"column":56}},"type":"binary-expr","locations":[{"start":{"line":15,"column":18},"end":{"line":15,"column":42}},{"start":{"line":15,"column":46},"end":{"line":15,"column":56}}],"line":15},"2":{"loc":{"start":{"line":22,"column":67},"end":{"line":22,"column":84}},"type":"default-arg","locations":[{"start":{"line":22,"column":78},"end":{"line":22,"column":84}}],"line":22}},"s":{"0":0,"1":0,"2":0,"3":0,"4":0,"5":0,"6":0,"7":0,"8":0,"9":0,"10":0,"11":0,"12":0,"13":0},"f":{"0":0,"1":0,"2":0,"3":0,"4":0,"5":0},"b":{"0":[0,0],"1":[0,0],"2":[0]}}
,"/Users/leonardopimentelferreira/Projects/CarManager/utils/date.js": {"path":"/Users/leonardopimentelferreira/Projects/CarManager/utils/date.js","statementMap":{"0":{"start":{"line":4,"column":31},"end":{"line":4,"column":89}},"1":{"start":{"line":4,"column":39},"end":{"line":4,"column":89}},"2":{"start":{"line":6,"column":31},"end":{"line":6,"column":89}},"3":{"start":{"line":6,"column":39},"end":{"line":6,"column":89}},"4":{"start":{"line":8,"column":30},"end":{"line":43,"column":3}},"5":{"start":{"line":9,"column":20},"end":{"line":9,"column":50}},"6":{"start":{"line":10,"column":18},"end":{"line":10,"column":26}},"7":{"start":{"line":11,"column":4},"end":{"line":34,"column":5}},"8":{"start":{"line":13,"column":8},"end":{"line":13,"column":50}},"9":{"start":{"line":14,"column":8},"end":{"line":14,"column":13}},"10":{"start":{"line":16,"column":8},"end":{"line":16,"column":50}},"11":{"start":{"line":17,"column":8},"end":{"line":17,"column":13}},"12":{"start":{"line":19,"column":8},"end":{"line":19,"column":46}},"13":{"start":{"line":20,"column":8},"end":{"line":20,"column":13}},"14":{"start":{"line":22,"column":8},"end":{"line":22,"column":45}},"15":{"start":{"line":23,"column":8},"end":{"line":23,"column":13}},"16":{"start":{"line":25,"column":8},"end":{"line":25,"column":67}},"17":{"start":{"line":26,"column":8},"end":{"line":26,"column":63}},"18":{"start":{"line":27,"column":8},"end":{"line":27,"column":13}},"19":{"start":{"line":29,"column":8},"end":{"line":29,"column":65}},"20":{"start":{"line":30,"column":8},"end":{"line":30,"column":61}},"21":{"start":{"line":31,"column":8},"end":{"line":31,"column":13}},"22":{"start":{"line":33,"column":8},"end":{"line":33,"column":13}},"23":{"start":{"line":36,"column":4},"end":{"line":36,"column":34}},"24":{"start":{"line":37,"column":4},"end":{"line":37,"column":30}},"25":{"start":{"line":39,"column":4},"end":{"line":42,"column":5}}},"fnMap":{"0":{"name":"(anonymous_0)","decl":{"start":{"line":4,"column":31},"end":{"line":4,"column":32}},"loc":{"start":{"line":4,"column":39},"end":{"line":4,"column":89}},"line":4},"1":{"name":"(anonymous_1)","decl":{"start":{"line":6,"column":31},"end":{"line":6,"column":32}},"loc":{"start":{"line":6,"column":39},"end":{"line":6,"column":89}},"line":6},"2":{"name":"(anonymous_2)","decl":{"start":{"line":8,"column":30},"end":{"line":8,"column":31}},"loc":{"start":{"line":8,"column":41},"end":{"line":43,"column":3}},"line":8}},"branchMap":{"0":{"loc":{"start":{"line":11,"column":4},"end":{"line":34,"column":5}},"type":"switch","locations":[{"start":{"line":12,"column":6},"end":{"line":14,"column":13}},{"start":{"line":15,"column":6},"end":{"line":17,"column":13}},{"start":{"line":18,"column":6},"end":{"line":20,"column":13}},{"start":{"line":21,"column":6},"end":{"line":23,"column":13}},{"start":{"line":24,"column":6},"end":{"line":27,"column":13}},{"start":{"line":28,"column":6},"end":{"line":31,"column":13}},{"start":{"line":32,"column":6},"end":{"line":33,"column":13}}],"line":11}},"s":{"0":0,"1":0,"2":0,"3":0,"4":0,"5":0,"6":0,"7":0,"8":0,"9":0,"10":0,"11":0,"12":0,"13":0,"14":0,"15":0,"16":0,"17":0,"18":0,"19":0,"20":0,"21":0,"22":0,"23":0,"24":0,"25":0},"f":{"0":0,"1":0,"2":0},"b":{"0":[0,0,0,0,0,0,0]}}
,"/Users/leonardopimentelferreira/Projects/CarManager/utils/number.js": {"path":"/Users/leonardopimentelferreira/Projects/CarManager/utils/number.js","statementMap":{"0":{"start":{"line":1,"column":28},"end":{"line":5,"column":1}},"1":{"start":{"line":2,"column":20},"end":{"line":2,"column":64}},"2":{"start":{"line":3,"column":18},"end":{"line":3,"column":38}},"3":{"start":{"line":4,"column":4},"end":{"line":4,"column":88}},"4":{"start":{"line":7,"column":30},"end":{"line":7,"column":70}},"5":{"start":{"line":7,"column":40},"end":{"line":7,"column":70}}},"fnMap":{"0":{"name":"(anonymous_0)","decl":{"start":{"line":1,"column":28},"end":{"line":1,"column":29}},"loc":{"start":{"line":1,"column":38},"end":{"line":5,"column":1}},"line":1},"1":{"name":"(anonymous_1)","decl":{"start":{"line":7,"column":30},"end":{"line":7,"column":31}},"loc":{"start":{"line":7,"column":40},"end":{"line":7,"column":70}},"line":7}},"branchMap":{"0":{"loc":{"start":{"line":4,"column":11},"end":{"line":4,"column":88}},"type":"cond-expr","locations":[{"start":{"line":4,"column":32},"end":{"line":4,"column":76}},{"start":{"line":4,"column":79},"end":{"line":4,"column":88}}],"line":4}},"s":{"0":0,"1":0,"2":0,"3":0,"4":0,"5":0},"f":{"0":0,"1":0},"b":{"0":[0,0]}}
,"/Users/leonardopimentelferreira/Projects/CarManager/utils/string.js": {"path":"/Users/leonardopimentelferreira/Projects/CarManager/utils/string.js","statementMap":{"0":{"start":{"line":1,"column":16},"end":{"line":1,"column":67}},"1":{"start":{"line":1,"column":25},"end":{"line":1,"column":67}}},"fnMap":{"0":{"name":"(anonymous_0)","decl":{"start":{"line":1,"column":16},"end":{"line":1,"column":17}},"loc":{"start":{"line":1,"column":25},"end":{"line":1,"column":67}},"line":1}},"branchMap":{},"s":{"0":0,"1":0},"f":{"0":0},"b":{}}
}
