TN:
SF:App.js
FN:26,App
FN:37,(anonymous_1)
FN:65,getHeaderStyles
FN:74,getOptionsNavigation
FN:76,(anonymous_4)
FN:78,(anonymous_5)
FN:86,getHeaderTitle
FNF:7
FNH:0
FNDA:0,App
FNDA:0,(anonymous_1)
FNDA:0,getHeaderStyles
FNDA:0,getOptionsNavigation
FNDA:0,(anonymous_4)
FNDA:0,(anonymous_5)
FNDA:0,getHeaderTitle
DA:15,0
DA:17,0
DA:27,0
DA:29,0
DA:31,0
DA:38,0
DA:66,0
DA:75,0
DA:77,0
DA:78,0
DA:87,0
DA:88,0
DA:90,0
DA:92,0
DA:94,0
DA:96,0
DA:98,0
DA:100,0
DA:102,0
DA:104,0
DA:108,0
LF:21
LH:0
BRDA:29,0,0,0
BRDA:29,0,1,0
BRDA:87,1,0,0
BRDA:87,1,1,0
BRDA:90,2,0,0
BRDA:90,2,1,0
BRDA:90,2,2,0
BRDA:90,2,3,0
BRDA:90,2,4,0
BRDA:90,2,5,0
BRDA:90,2,6,0
BRF:11
BRH:0
end_of_record
TN:
SF:eslint.config.js
FNF:0
FNH:0
DA:2,0
DA:3,0
DA:5,0
LF:3
LH:0
BRF:0
BRH:0
end_of_record
TN:
SF:components/Bell.js
FN:15,Bell
FN:19,(anonymous_1)
FN:24,(anonymous_2)
FNF:3
FNH:0
FNDA:0,Bell
FNDA:0,(anonymous_1)
FNDA:0,(anonymous_2)
DA:7,0
DA:17,0
DA:19,0
DA:20,0
DA:23,0
DA:24,0
LF:6
LH:0
BRF:0
BRH:0
end_of_record
TN:
SF:components/Loading.js
FN:5,Loading
FNF:1
FNH:0
FNDA:0,Loading
DA:6,0
LF:1
LH:0
BRDA:6,0,0,0
BRDA:6,0,1,0
BRF:2
BRH:0
end_of_record
TN:
SF:components/VehiclePicker.js
FN:7,(anonymous_0)
FN:18,(anonymous_1)
FN:24,(anonymous_2)
FNF:3
FNH:3
FNDA:4,(anonymous_0)
FNDA:1,(anonymous_1)
FNDA:6,(anonymous_2)
DA:7,1
DA:8,4
DA:9,2
DA:12,2
DA:19,1
DA:20,1
DA:25,6
LF:7
LH:7
BRDA:8,0,0,2
BRDA:8,0,1,2
BRF:2
BRH:2
end_of_record
TN:
SF:constants/Colors.js
FNF:0
FNH:0
DA:3,0
LF:1
LH:0
BRF:0
BRH:0
end_of_record
TN:
SF:constants/Layout.js
FNF:0
FNH:0
DA:3,0
DA:4,0
LF:2
LH:0
BRF:0
BRH:0
end_of_record
TN:
SF:constants/fuel.js
FNF:0
FNH:0
DA:3,0
DA:5,0
DA:21,0
DA:56,0
DA:58,0
LF:5
LH:0
BRF:0
BRH:0
end_of_record
TN:
SF:database/index.js
FN:6,(anonymous_0)
FN:13,(anonymous_1)
FN:17,(anonymous_2)
FN:118,(anonymous_3)
FN:127,(anonymous_4)
FN:157,(anonymous_5)
FN:167,(anonymous_6)
FN:171,(anonymous_7)
FN:175,(anonymous_8)
FN:178,(anonymous_9)
FN:179,(anonymous_10)
FN:196,(anonymous_11)
FN:206,(anonymous_12)
FN:210,(anonymous_13)
FN:234,(anonymous_14)
FN:242,(anonymous_15)
FNF:16
FNH:0
FNDA:0,(anonymous_0)
FNDA:0,(anonymous_1)
FNDA:0,(anonymous_2)
FNDA:0,(anonymous_3)
FNDA:0,(anonymous_4)
FNDA:0,(anonymous_5)
FNDA:0,(anonymous_6)
FNDA:0,(anonymous_7)
FNDA:0,(anonymous_8)
FNDA:0,(anonymous_9)
FNDA:0,(anonymous_10)
FNDA:0,(anonymous_11)
FNDA:0,(anonymous_12)
FNDA:0,(anonymous_13)
FNDA:0,(anonymous_14)
FNDA:0,(anonymous_15)
DA:4,0
DA:6,0
DA:7,0
DA:8,0
DA:11,0
DA:13,0
DA:15,0
DA:17,0
DA:18,0
DA:19,0
DA:20,0
DA:21,0
DA:22,0
DA:23,0
DA:24,0
DA:31,0
DA:118,0
DA:127,0
DA:157,0
DA:167,0
DA:171,0
DA:175,0
DA:178,0
DA:179,0
DA:180,0
DA:181,0
DA:182,0
DA:185,0
DA:186,0
DA:187,0
DA:188,0
DA:191,0
DA:192,0
DA:196,0
DA:197,0
DA:198,0
DA:199,0
DA:200,0
DA:205,0
DA:206,0
DA:207,0
DA:210,0
DA:211,0
DA:234,0
DA:235,0
DA:242,0
DA:243,0
LF:47
LH:0
BRDA:17,0,0,0
BRDA:21,1,0,0
BRDA:21,1,1,0
BRDA:185,2,0,0
BRDA:185,2,1,0
BRDA:191,3,0,0
BRDA:191,3,1,0
BRDA:198,4,0,0
BRDA:198,4,1,0
BRF:9
BRH:0
end_of_record
TN:
SF:database/queries.js
FN:6,(anonymous_0)
FN:16,(anonymous_1)
FN:33,(anonymous_2)
FN:42,(anonymous_3)
FN:146,(anonymous_4)
FN:147,(anonymous_5)
FN:178,(anonymous_6)
FN:186,(anonymous_7)
FN:196,(anonymous_8)
FN:219,(anonymous_9)
FN:233,(anonymous_10)
FN:243,(anonymous_11)
FN:264,(anonymous_12)
FN:281,(anonymous_13)
FN:304,(anonymous_14)
FN:312,(anonymous_15)
FN:320,(anonymous_16)
FN:332,(anonymous_17)
FN:357,(anonymous_18)
FN:365,(anonymous_19)
FN:388,(anonymous_20)
FN:397,(anonymous_21)
FN:405,(anonymous_22)
FN:406,(anonymous_23)
FNF:24
FNH:0
FNDA:0,(anonymous_0)
FNDA:0,(anonymous_1)
FNDA:0,(anonymous_2)
FNDA:0,(anonymous_3)
FNDA:0,(anonymous_4)
FNDA:0,(anonymous_5)
FNDA:0,(anonymous_6)
FNDA:0,(anonymous_7)
FNDA:0,(anonymous_8)
FNDA:0,(anonymous_9)
FNDA:0,(anonymous_10)
FNDA:0,(anonymous_11)
FNDA:0,(anonymous_12)
FNDA:0,(anonymous_13)
FNDA:0,(anonymous_14)
FNDA:0,(anonymous_15)
FNDA:0,(anonymous_16)
FNDA:0,(anonymous_17)
FNDA:0,(anonymous_18)
FNDA:0,(anonymous_19)
FNDA:0,(anonymous_20)
FNDA:0,(anonymous_21)
FNDA:0,(anonymous_22)
FNDA:0,(anonymous_23)
DA:6,0
DA:7,0
DA:16,0
DA:17,0
DA:33,0
DA:38,0
DA:40,0
DA:42,0
DA:43,0
DA:44,0
DA:46,0
DA:50,0
DA:53,0
DA:57,0
DA:59,0
DA:64,0
DA:66,0
DA:70,0
DA:72,0
DA:79,0
DA:86,0
DA:93,0
DA:100,0
DA:101,0
DA:102,0
DA:109,0
DA:116,0
DA:122,0
DA:127,0
DA:129,0
DA:133,0
DA:135,0
DA:141,0
DA:146,0
DA:147,0
DA:148,0
DA:153,0
DA:158,0
DA:163,0
DA:164,0
DA:169,0
DA:178,0
DA:179,0
DA:186,0
DA:187,0
DA:196,0
DA:197,0
DA:219,0
DA:220,0
DA:233,0
DA:234,0
DA:243,0
DA:244,0
DA:264,0
DA:265,0
DA:281,0
DA:282,0
DA:283,0
DA:285,0
DA:286,0
DA:291,0
DA:293,0
DA:299,0
DA:304,0
DA:305,0
DA:312,0
DA:313,0
DA:320,0
DA:321,0
DA:332,0
DA:333,0
DA:334,0
DA:335,0
DA:337,0
DA:338,0
DA:344,0
DA:346,0
DA:352,0
DA:357,0
DA:358,0
DA:365,0
DA:366,0
DA:388,0
DA:389,0
DA:393,0
DA:397,0
DA:398,0
DA:405,0
DA:406,0
DA:407,0
DA:411,0
DA:415,0
DA:420,0
LF:93
LH:0
BRDA:33,0,0,0
BRDA:33,1,0,0
BRDA:44,2,0,0
BRDA:44,2,1,0
BRDA:64,3,0,0
BRDA:64,3,1,0
BRDA:100,4,0,0
BRDA:100,4,1,0
BRDA:101,5,0,0
BRDA:101,5,1,0
BRDA:127,6,0,0
BRDA:127,6,1,0
BRDA:146,7,0,0
BRDA:146,8,0,0
BRDA:163,9,0,0
BRDA:163,9,1,0
BRDA:281,10,0,0
BRDA:281,11,0,0
BRDA:285,12,0,0
BRDA:285,12,1,0
BRDA:332,13,0,0
BRDA:332,14,0,0
BRDA:335,15,0,0
BRDA:335,15,1,0
BRDA:337,16,0,0
BRDA:337,16,1,0
BRF:26
BRH:0
end_of_record
TN:
SF:hooks/useCachedResources.js
FN:7,useCachedResources
FN:11,(anonymous_1)
FN:12,loadResourcesAndDataAsync
FNF:3
FNH:0
FNDA:0,useCachedResources
FNDA:0,(anonymous_1)
FNDA:0,loadResourcesAndDataAsync
DA:8,0
DA:11,0
DA:13,0
DA:14,0
DA:16,0
DA:19,0
DA:24,0
DA:26,0
DA:27,0
DA:31,0
DA:34,0
LF:11
LH:0
BRF:0
BRH:0
end_of_record
TN:
SF:locales/en-US.js
FNF:0
FNH:0
LF:0
LH:0
BRF:0
BRH:0
end_of_record
TN:
SF:locales/index.js
FN:24,(anonymous_0)
FN:36,t
FNF:2
FNH:2
FNDA:1,(anonymous_0)
FNDA:2,t
DA:19,1
DA:24,1
DA:31,1
DA:34,1
DA:37,2
LF:5
LH:5
BRF:0
BRH:0
end_of_record
TN:
SF:locales/pt-BR.js
FNF:0
FNH:0
LF:0
LH:0
BRF:0
BRH:0
end_of_record
TN:
SF:navigation/BottomTabNavigator.js
FN:13,BottomTabNavigator
FN:19,(anonymous_1)
FN:25,(anonymous_2)
FN:31,(anonymous_3)
FN:37,(anonymous_4)
FN:43,(anonymous_5)
FN:50,getCommonOptions
FN:57,getIcon
FN:69,getFocusedColor
FNF:9
FNH:0
FNDA:0,BottomTabNavigator
FNDA:0,(anonymous_1)
FNDA:0,(anonymous_2)
FNDA:0,(anonymous_3)
FNDA:0,(anonymous_4)
FNDA:0,(anonymous_5)
FNDA:0,getCommonOptions
FNDA:0,getIcon
FNDA:0,getFocusedColor
DA:11,0
DA:14,0
DA:19,0
DA:25,0
DA:31,0
DA:37,0
DA:43,0
DA:51,0
DA:58,0
DA:59,0
DA:60,0
DA:61,0
DA:62,0
DA:63,0
DA:64,0
DA:65,0
DA:66,0
DA:70,0
LF:18
LH:0
BRDA:59,0,0,0
BRDA:59,0,1,0
BRDA:61,1,0,0
BRDA:61,1,1,0
BRDA:63,2,0,0
BRDA:63,2,1,0
BRDA:65,3,0,0
BRDA:65,3,1,0
BRDA:70,4,0,0
BRDA:70,4,1,0
BRF:10
BRH:0
end_of_record
TN:
SF:providers/BellProvider.js
FN:6,(anonymous_0)
FN:9,(anonymous_1)
FNF:2
FNH:0
FNDA:0,(anonymous_0)
FNDA:0,(anonymous_1)
DA:4,0
DA:6,0
DA:7,0
DA:9,0
DA:10,0
DA:30,0
DA:33,0
DA:35,0
LF:8
LH:0
BRF:0
BRH:0
end_of_record
TN:
SF:screens/FillingScreen.js
FN:21,FillingScreen
FN:64,(anonymous_1)
FN:76,(anonymous_2)
FN:88,(anonymous_3)
FN:100,(anonymous_4)
FN:112,(anonymous_5)
FN:124,(anonymous_6)
FN:136,(anonymous_7)
FN:137,fetchData
FN:156,(anonymous_9)
FN:157,fetchData
FN:215,(anonymous_11)
FN:216,(anonymous_12)
FN:225,(anonymous_13)
FN:228,(anonymous_14)
FN:257,(anonymous_15)
FN:326,(anonymous_16)
FN:329,(anonymous_17)
FN:333,(anonymous_18)
FN:343,(anonymous_19)
FN:349,(anonymous_20)
FN:362,(anonymous_21)
FN:369,(anonymous_22)
FN:377,(anonymous_23)
FN:384,(anonymous_24)
FN:386,(anonymous_25)
FN:394,(anonymous_26)
FN:404,(anonymous_27)
FN:423,(anonymous_28)
FN:430,(anonymous_29)
FN:444,(anonymous_30)
FN:452,(anonymous_31)
FN:464,(anonymous_32)
FN:471,(anonymous_33)
FN:483,(anonymous_34)
FN:497,(anonymous_35)
FN:504,(anonymous_36)
FN:510,(anonymous_37)
FN:512,(anonymous_38)
FN:521,(anonymous_39)
FN:528,(anonymous_40)
FN:543,(anonymous_41)
FN:551,(anonymous_42)
FN:563,(anonymous_43)
FN:570,(anonymous_44)
FN:583,(anonymous_45)
FN:591,(anonymous_46)
FNF:47
FNH:0
FNDA:0,FillingScreen
FNDA:0,(anonymous_1)
FNDA:0,(anonymous_2)
FNDA:0,(anonymous_3)
FNDA:0,(anonymous_4)
FNDA:0,(anonymous_5)
FNDA:0,(anonymous_6)
FNDA:0,(anonymous_7)
FNDA:0,fetchData
FNDA:0,(anonymous_9)
FNDA:0,fetchData
FNDA:0,(anonymous_11)
FNDA:0,(anonymous_12)
FNDA:0,(anonymous_13)
FNDA:0,(anonymous_14)
FNDA:0,(anonymous_15)
FNDA:0,(anonymous_16)
FNDA:0,(anonymous_17)
FNDA:0,(anonymous_18)
FNDA:0,(anonymous_19)
FNDA:0,(anonymous_20)
FNDA:0,(anonymous_21)
FNDA:0,(anonymous_22)
FNDA:0,(anonymous_23)
FNDA:0,(anonymous_24)
FNDA:0,(anonymous_25)
FNDA:0,(anonymous_26)
FNDA:0,(anonymous_27)
FNDA:0,(anonymous_28)
FNDA:0,(anonymous_29)
FNDA:0,(anonymous_30)
FNDA:0,(anonymous_31)
FNDA:0,(anonymous_32)
FNDA:0,(anonymous_33)
FNDA:0,(anonymous_34)
FNDA:0,(anonymous_35)
FNDA:0,(anonymous_36)
FNDA:0,(anonymous_37)
FNDA:0,(anonymous_38)
FNDA:0,(anonymous_39)
FNDA:0,(anonymous_40)
FNDA:0,(anonymous_41)
FNDA:0,(anonymous_42)
FNDA:0,(anonymous_43)
FNDA:0,(anonymous_44)
FNDA:0,(anonymous_45)
FNDA:0,(anonymous_46)
DA:22,0
DA:23,0
DA:24,0
DA:26,0
DA:27,0
DA:28,0
DA:29,0
DA:30,0
DA:32,0
DA:33,0
DA:34,0
DA:35,0
DA:37,0
DA:38,0
DA:39,0
DA:40,0
DA:41,0
DA:42,0
DA:43,0
DA:44,0
DA:45,0
DA:46,0
DA:47,0
DA:48,0
DA:49,0
DA:50,0
DA:51,0
DA:62,0
DA:64,0
DA:65,0
DA:66,0
DA:67,0
DA:70,0
DA:71,0
DA:72,0
DA:76,0
DA:77,0
DA:78,0
DA:79,0
DA:82,0
DA:83,0
DA:84,0
DA:88,0
DA:89,0
DA:90,0
DA:91,0
DA:94,0
DA:95,0
DA:96,0
DA:100,0
DA:101,0
DA:102,0
DA:103,0
DA:106,0
DA:107,0
DA:108,0
DA:112,0
DA:113,0
DA:114,0
DA:115,0
DA:118,0
DA:119,0
DA:120,0
DA:124,0
DA:125,0
DA:126,0
DA:127,0
DA:130,0
DA:131,0
DA:132,0
DA:136,0
DA:138,0
DA:140,0
DA:141,0
DA:142,0
DA:143,0
DA:147,0
DA:150,0
DA:151,0
DA:153,0
DA:156,0
DA:158,0
DA:159,0
DA:160,0
DA:162,0
DA:163,0
DA:164,0
DA:165,0
DA:166,0
DA:167,0
DA:168,0
DA:169,0
DA:170,0
DA:171,0
DA:172,0
DA:173,0
DA:174,0
DA:175,0
DA:176,0
DA:178,0
DA:179,0
DA:180,0
DA:181,0
DA:182,0
DA:183,0
DA:184,0
DA:185,0
DA:186,0
DA:188,0
DA:189,0
DA:190,0
DA:191,0
DA:192,0
DA:193,0
DA:197,0
DA:199,0
DA:200,0
DA:201,0
DA:202,0
DA:203,0
DA:208,0
DA:212,0
DA:215,0
DA:216,0
DA:217,0
DA:218,0
DA:219,0
DA:220,0
DA:221,0
DA:222,0
DA:225,0
DA:228,0
DA:229,0
DA:230,0
DA:231,0
DA:232,0
DA:233,0
DA:234,0
DA:235,0
DA:236,0
DA:237,0
DA:238,0
DA:239,0
DA:240,0
DA:241,0
DA:242,0
DA:243,0
DA:244,0
DA:245,0
DA:257,0
DA:258,0
DA:259,0
DA:260,0
DA:263,0
DA:264,0
DA:265,0
DA:268,0
DA:269,0
DA:270,0
DA:273,0
DA:274,0
DA:275,0
DA:278,0
DA:279,0
DA:280,0
DA:283,0
DA:284,0
DA:285,0
DA:286,0
DA:289,0
DA:290,0
DA:291,0
DA:294,0
DA:295,0
DA:296,0
DA:299,0
DA:300,0
DA:301,0
DA:305,0
DA:306,0
DA:311,0
DA:312,0
DA:313,0
DA:314,0
DA:315,0
DA:318,0
DA:319,0
DA:321,0
DA:326,0
DA:330,0
DA:331,0
DA:333,0
DA:344,0
DA:345,0
DA:349,0
DA:362,0
DA:369,0
DA:377,0
DA:384,0
DA:386,0
DA:394,0
DA:405,0
DA:406,0
DA:424,0
DA:425,0
DA:430,0
DA:445,0
DA:446,0
DA:452,0
DA:465,0
DA:466,0
DA:471,0
DA:484,0
DA:485,0
DA:497,0
DA:504,0
DA:510,0
DA:512,0
DA:522,0
DA:523,0
DA:528,0
DA:544,0
DA:545,0
DA:551,0
DA:564,0
DA:565,0
DA:570,0
DA:583,0
DA:591,0
LF:229
LH:0
BRDA:65,0,0,0
BRDA:65,0,1,0
BRDA:65,1,0,0
BRDA:65,1,1,0
BRDA:70,2,0,0
BRDA:70,2,1,0
BRDA:70,3,0,0
BRDA:70,3,1,0
BRDA:77,4,0,0
BRDA:77,4,1,0
BRDA:77,5,0,0
BRDA:77,5,1,0
BRDA:82,6,0,0
BRDA:82,6,1,0
BRDA:82,7,0,0
BRDA:82,7,1,0
BRDA:89,8,0,0
BRDA:89,8,1,0
BRDA:89,9,0,0
BRDA:89,9,1,0
BRDA:94,10,0,0
BRDA:94,10,1,0
BRDA:94,11,0,0
BRDA:94,11,1,0
BRDA:101,12,0,0
BRDA:101,12,1,0
BRDA:101,13,0,0
BRDA:101,13,1,0
BRDA:106,14,0,0
BRDA:106,14,1,0
BRDA:106,15,0,0
BRDA:106,15,1,0
BRDA:113,16,0,0
BRDA:113,16,1,0
BRDA:113,17,0,0
BRDA:113,17,1,0
BRDA:118,18,0,0
BRDA:118,18,1,0
BRDA:118,19,0,0
BRDA:118,19,1,0
BRDA:125,20,0,0
BRDA:125,20,1,0
BRDA:125,21,0,0
BRDA:125,21,1,0
BRDA:130,22,0,0
BRDA:130,22,1,0
BRDA:130,23,0,0
BRDA:130,23,1,0
BRDA:141,24,0,0
BRDA:141,24,1,0
BRDA:158,25,0,0
BRDA:158,25,1,0
BRDA:158,26,0,0
BRDA:158,26,1,0
BRDA:162,27,0,0
BRDA:162,27,1,0
BRDA:178,28,0,0
BRDA:178,28,1,0
BRDA:200,29,0,0
BRDA:200,29,1,0
BRDA:258,30,0,0
BRDA:258,30,1,0
BRDA:258,31,0,0
BRDA:258,31,1,0
BRDA:263,32,0,0
BRDA:263,32,1,0
BRDA:263,33,0,0
BRDA:263,33,1,0
BRDA:268,34,0,0
BRDA:268,34,1,0
BRDA:268,35,0,0
BRDA:268,35,1,0
BRDA:273,36,0,0
BRDA:273,36,1,0
BRDA:273,37,0,0
BRDA:273,37,1,0
BRDA:278,38,0,0
BRDA:278,38,1,0
BRDA:283,39,0,0
BRDA:283,39,1,0
BRDA:284,40,0,0
BRDA:284,40,1,0
BRDA:284,41,0,0
BRDA:284,41,1,0
BRDA:289,42,0,0
BRDA:289,42,1,0
BRDA:289,43,0,0
BRDA:289,43,1,0
BRDA:294,44,0,0
BRDA:294,44,1,0
BRDA:294,45,0,0
BRDA:294,45,1,0
BRDA:299,46,0,0
BRDA:299,46,1,0
BRDA:312,47,0,0
BRDA:312,47,1,0
BRDA:312,48,0,0
BRDA:312,48,1,0
BRDA:318,49,0,0
BRDA:318,49,1,0
BRDA:339,50,0,0
BRDA:339,50,1,0
BRDA:345,51,0,0
BRDA:345,51,1,0
BRDA:413,52,0,0
BRDA:413,52,1,0
BRDA:433,53,0,0
BRDA:433,53,1,0
BRDA:455,54,0,0
BRDA:455,54,1,0
BRDA:474,55,0,0
BRDA:474,55,1,0
BRDA:504,56,0,0
BRDA:504,56,1,0
BRDA:504,57,0,0
BRDA:504,57,1,0
BRDA:506,58,0,0
BRDA:506,58,1,0
BRDA:531,59,0,0
BRDA:531,59,1,0
BRDA:554,60,0,0
BRDA:554,60,1,0
BRDA:573,61,0,0
BRDA:573,61,1,0
BRDA:589,62,0,0
BRDA:589,62,1,0
BRF:126
BRH:0
end_of_record
TN:
SF:screens/FuelConsumptionScreen.js
FN:22,FuelConsumptionScreen
FN:45,(anonymous_1)
FN:56,(anonymous_2)
FN:60,(anonymous_3)
FN:89,(anonymous_4)
FN:106,(anonymous_5)
FN:114,fetchData
FN:133,(anonymous_7)
FN:166,(anonymous_8)
FN:267,(anonymous_9)
FN:268,(anonymous_10)
FN:278,(anonymous_11)
FN:278,(anonymous_12)
FN:278,(anonymous_13)
FN:280,(anonymous_14)
FN:283,(anonymous_15)
FN:306,(anonymous_16)
FN:319,(anonymous_17)
FN:337,(anonymous_18)
FN:339,(anonymous_19)
FN:345,(anonymous_20)
FN:352,(anonymous_21)
FN:359,(anonymous_22)
FN:366,(anonymous_23)
FN:372,(anonymous_24)
FN:379,(anonymous_25)
FN:388,(anonymous_26)
FN:397,(anonymous_27)
FN:397,(anonymous_28)
FN:399,(anonymous_29)
FN:403,(anonymous_30)
FN:421,(anonymous_31)
FN:422,(anonymous_32)
FN:423,(anonymous_33)
FN:425,(anonymous_34)
FN:427,(anonymous_35)
FN:429,(anonymous_36)
FN:430,(anonymous_37)
FN:435,(anonymous_38)
FNF:39
FNH:0
FNDA:0,FuelConsumptionScreen
FNDA:0,(anonymous_1)
FNDA:0,(anonymous_2)
FNDA:0,(anonymous_3)
FNDA:0,(anonymous_4)
FNDA:0,(anonymous_5)
FNDA:0,fetchData
FNDA:0,(anonymous_7)
FNDA:0,(anonymous_8)
FNDA:0,(anonymous_9)
FNDA:0,(anonymous_10)
FNDA:0,(anonymous_11)
FNDA:0,(anonymous_12)
FNDA:0,(anonymous_13)
FNDA:0,(anonymous_14)
FNDA:0,(anonymous_15)
FNDA:0,(anonymous_16)
FNDA:0,(anonymous_17)
FNDA:0,(anonymous_18)
FNDA:0,(anonymous_19)
FNDA:0,(anonymous_20)
FNDA:0,(anonymous_21)
FNDA:0,(anonymous_22)
FNDA:0,(anonymous_23)
FNDA:0,(anonymous_24)
FNDA:0,(anonymous_25)
FNDA:0,(anonymous_26)
FNDA:0,(anonymous_27)
FNDA:0,(anonymous_28)
FNDA:0,(anonymous_29)
FNDA:0,(anonymous_30)
FNDA:0,(anonymous_31)
FNDA:0,(anonymous_32)
FNDA:0,(anonymous_33)
FNDA:0,(anonymous_34)
FNDA:0,(anonymous_35)
FNDA:0,(anonymous_36)
FNDA:0,(anonymous_37)
FNDA:0,(anonymous_38)
DA:23,0
DA:24,0
DA:29,0
DA:30,0
DA:31,0
DA:32,0
DA:33,0
DA:35,0
DA:36,0
DA:37,0
DA:38,0
DA:39,0
DA:42,0
DA:43,0
DA:45,0
DA:46,0
DA:47,0
DA:48,0
DA:53,0
DA:56,0
DA:58,0
DA:60,0
DA:61,0
DA:66,0
DA:67,0
DA:68,0
DA:69,0
DA:87,0
DA:89,0
DA:90,0
DA:91,0
DA:92,0
DA:94,0
DA:95,0
DA:97,0
DA:102,0
DA:106,0
DA:107,0
DA:108,0
DA:109,0
DA:112,0
DA:115,0
DA:116,0
DA:117,0
DA:118,0
DA:119,0
DA:120,0
DA:125,0
DA:126,0
DA:127,0
DA:129,0
DA:131,0
DA:133,0
DA:134,0
DA:135,0
DA:138,0
DA:139,0
DA:140,0
DA:141,0
DA:142,0
DA:143,0
DA:144,0
DA:145,0
DA:146,0
DA:147,0
DA:148,0
DA:149,0
DA:150,0
DA:155,0
DA:156,0
DA:157,0
DA:158,0
DA:159,0
DA:160,0
DA:162,0
DA:163,0
DA:166,0
DA:181,0
DA:182,0
DA:185,0
DA:186,0
DA:187,0
DA:188,0
DA:189,0
DA:192,0
DA:193,0
DA:195,0
DA:196,0
DA:202,0
DA:203,0
DA:205,0
DA:206,0
DA:210,0
DA:211,0
DA:212,0
DA:214,0
DA:215,0
DA:218,0
DA:219,0
DA:224,0
DA:225,0
DA:226,0
DA:228,0
DA:229,0
DA:231,0
DA:233,0
DA:234,0
DA:237,0
DA:238,0
DA:241,0
DA:242,0
DA:245,0
DA:247,0
DA:248,0
DA:249,0
DA:251,0
DA:252,0
DA:254,0
DA:256,0
DA:257,0
DA:260,0
DA:261,0
DA:263,0
DA:267,0
DA:268,0
DA:269,0
DA:278,0
DA:280,0
DA:281,0
DA:282,0
DA:284,0
DA:295,0
DA:296,0
DA:299,0
DA:307,0
DA:308,0
DA:320,0
DA:321,0
DA:337,0
DA:339,0
DA:346,0
DA:347,0
DA:348,0
DA:352,0
DA:359,0
DA:366,0
DA:372,0
DA:379,0
DA:388,0
DA:397,0
DA:400,0
DA:404,0
DA:421,0
DA:422,0
DA:423,0
DA:425,0
DA:427,0
DA:429,0
DA:431,0
DA:435,0
LF:160
LH:0
BRDA:91,0,0,0
BRDA:91,0,1,0
BRDA:94,1,0,0
BRDA:94,1,1,0
BRDA:94,2,0,0
BRDA:94,2,1,0
BRDA:107,3,0,0
BRDA:107,3,1,0
BRDA:118,4,0,0
BRDA:118,4,1,0
BRDA:149,5,0,0
BRDA:149,5,1,0
BRDA:149,6,0,0
BRDA:149,6,1,0
BRDA:156,7,0,0
BRDA:156,7,1,0
BRDA:157,8,0,0
BRDA:157,8,1,0
BRDA:173,9,0,0
BRDA:173,9,1,0
BRDA:174,10,0,0
BRDA:174,10,1,0
BRDA:176,11,0,0
BRDA:176,11,1,0
BRDA:182,12,0,0
BRDA:182,12,1,0
BRDA:185,13,0,0
BRDA:185,13,1,0
BRDA:185,14,0,0
BRDA:185,14,1,0
BRDA:188,15,0,0
BRDA:188,15,1,0
BRDA:188,16,0,0
BRDA:188,16,1,0
BRDA:192,17,0,0
BRDA:192,17,1,0
BRDA:192,18,0,0
BRDA:192,18,1,0
BRDA:195,19,0,0
BRDA:195,19,1,0
BRDA:202,20,0,0
BRDA:202,20,1,0
BRDA:202,21,0,0
BRDA:202,21,1,0
BRDA:205,22,0,0
BRDA:205,22,1,0
BRDA:205,23,0,0
BRDA:205,23,1,0
BRDA:210,24,0,0
BRDA:210,24,1,0
BRDA:211,25,0,0
BRDA:211,25,1,0
BRDA:214,26,0,0
BRDA:214,26,1,0
BRDA:214,27,0,0
BRDA:214,27,1,0
BRDA:218,28,0,0
BRDA:218,28,1,0
BRDA:218,29,0,0
BRDA:218,29,1,0
BRDA:226,30,0,0
BRDA:226,30,1,0
BRDA:228,31,0,0
BRDA:228,31,1,0
BRDA:237,32,0,0
BRDA:237,32,1,0
BRDA:241,33,0,0
BRDA:241,33,1,0
BRDA:281,34,0,0
BRDA:281,34,1,0
BRDA:281,34,2,0
BRDA:284,35,0,0
BRDA:284,35,1,0
BRDA:288,36,0,0
BRDA:288,36,1,0
BRDA:295,37,0,0
BRDA:295,37,1,0
BRDA:302,38,0,0
BRDA:302,38,1,0
BRDA:310,39,0,0
BRDA:310,39,1,0
BRDA:315,40,0,0
BRDA:315,40,1,0
BRDA:323,41,0,0
BRDA:323,41,1,0
BRDA:346,42,0,0
BRDA:346,42,1,0
BRDA:400,43,0,0
BRDA:400,43,1,0
BRDA:405,44,0,0
BRDA:405,44,1,0
BRDA:406,45,0,0
BRDA:406,45,1,0
BRDA:422,46,0,0
BRDA:422,46,1,0
BRDA:423,47,0,0
BRDA:423,47,1,0
BRDA:431,48,0,0
BRDA:431,48,1,0
BRF:99
BRH:0
end_of_record
TN:
SF:screens/ReminderScreen.js
FN:21,ReminderScreen
FN:43,(anonymous_1)
FN:44,fetchData
FN:61,(anonymous_3)
FN:62,fetchData
FN:80,(anonymous_5)
FN:83,fetchData
FN:123,(anonymous_7)
FN:124,(anonymous_8)
FN:135,(anonymous_9)
FN:139,(anonymous_10)
FN:151,(anonymous_11)
FN:183,(anonymous_12)
FN:186,(anonymous_13)
FN:190,(anonymous_14)
FN:201,(anonymous_15)
FN:208,(anonymous_16)
FN:219,(anonymous_17)
FN:221,(anonymous_18)
FN:227,(anonymous_19)
FN:234,(anonymous_20)
FN:245,(anonymous_21)
FN:263,(anonymous_22)
FN:274,(anonymous_23)
FN:280,(anonymous_24)
FN:288,(anonymous_25)
FNF:26
FNH:0
FNDA:0,ReminderScreen
FNDA:0,(anonymous_1)
FNDA:0,fetchData
FNDA:0,(anonymous_3)
FNDA:0,fetchData
FNDA:0,(anonymous_5)
FNDA:0,fetchData
FNDA:0,(anonymous_7)
FNDA:0,(anonymous_8)
FNDA:0,(anonymous_9)
FNDA:0,(anonymous_10)
FNDA:0,(anonymous_11)
FNDA:0,(anonymous_12)
FNDA:0,(anonymous_13)
FNDA:0,(anonymous_14)
FNDA:0,(anonymous_15)
FNDA:0,(anonymous_16)
FNDA:0,(anonymous_17)
FNDA:0,(anonymous_18)
FNDA:0,(anonymous_19)
FNDA:0,(anonymous_20)
FNDA:0,(anonymous_21)
FNDA:0,(anonymous_22)
FNDA:0,(anonymous_23)
FNDA:0,(anonymous_24)
FNDA:0,(anonymous_25)
DA:22,0
DA:23,0
DA:24,0
DA:25,0
DA:26,0
DA:27,0
DA:28,0
DA:29,0
DA:30,0
DA:31,0
DA:32,0
DA:33,0
DA:34,0
DA:35,0
DA:36,0
DA:39,0
DA:40,0
DA:41,0
DA:43,0
DA:45,0
DA:47,0
DA:48,0
DA:49,0
DA:50,0
DA:56,0
DA:58,0
DA:61,0
DA:63,0
DA:65,0
DA:66,0
DA:67,0
DA:68,0
DA:74,0
DA:76,0
DA:77,0
DA:80,0
DA:81,0
DA:82,0
DA:84,0
DA:85,0
DA:86,0
DA:88,0
DA:89,0
DA:90,0
DA:91,0
DA:93,0
DA:94,0
DA:95,0
DA:96,0
DA:97,0
DA:98,0
DA:99,0
DA:100,0
DA:101,0
DA:103,0
DA:106,0
DA:108,0
DA:109,0
DA:110,0
DA:111,0
DA:116,0
DA:120,0
DA:123,0
DA:124,0
DA:125,0
DA:126,0
DA:128,0
DA:129,0
DA:130,0
DA:131,0
DA:132,0
DA:135,0
DA:139,0
DA:140,0
DA:141,0
DA:142,0
DA:143,0
DA:144,0
DA:145,0
DA:148,0
DA:151,0
DA:152,0
DA:153,0
DA:154,0
DA:156,0
DA:157,0
DA:167,0
DA:168,0
DA:169,0
DA:170,0
DA:171,0
DA:172,0
DA:175,0
DA:176,0
DA:178,0
DA:183,0
DA:187,0
DA:188,0
DA:190,0
DA:202,0
DA:203,0
DA:204,0
DA:208,0
DA:219,0
DA:221,0
DA:227,0
DA:234,0
DA:246,0
DA:247,0
DA:263,0
DA:274,0
DA:280,0
DA:288,0
LF:113
LH:0
BRDA:48,0,0,0
BRDA:48,0,1,0
BRDA:66,1,0,0
BRDA:66,1,1,0
BRDA:84,2,0,0
BRDA:84,2,1,0
BRDA:85,3,0,0
BRDA:85,3,1,0
BRDA:88,4,0,0
BRDA:88,4,1,0
BRDA:93,5,0,0
BRDA:93,5,1,0
BRDA:95,6,0,0
BRDA:95,6,1,0
BRDA:97,7,0,0
BRDA:97,7,1,0
BRDA:108,8,0,0
BRDA:108,8,1,0
BRDA:152,9,0,0
BRDA:152,9,1,0
BRDA:152,10,0,0
BRDA:152,10,1,0
BRDA:152,10,2,0
BRDA:168,11,0,0
BRDA:168,11,1,0
BRDA:175,12,0,0
BRDA:175,12,1,0
BRDA:196,13,0,0
BRDA:196,13,1,0
BRDA:204,14,0,0
BRDA:204,14,1,0
BRDA:219,15,0,0
BRDA:219,15,1,0
BRDA:230,16,0,0
BRDA:230,16,1,0
BRDA:254,17,0,0
BRDA:254,17,1,0
BRDA:286,18,0,0
BRDA:286,18,1,0
BRF:39
BRH:0
end_of_record
TN:
SF:screens/RemindersScreen.js
FN:13,RemindersScreen
FN:19,(anonymous_1)
FN:21,fetchData
FN:36,(anonymous_3)
FN:47,(anonymous_4)
FN:63,(anonymous_5)
FN:66,(anonymous_6)
FNF:7
FNH:0
FNDA:0,RemindersScreen
FNDA:0,(anonymous_1)
FNDA:0,fetchData
FNDA:0,(anonymous_3)
FNDA:0,(anonymous_4)
FNDA:0,(anonymous_5)
FNDA:0,(anonymous_6)
DA:14,0
DA:15,0
DA:16,0
DA:17,0
DA:19,0
DA:20,0
DA:22,0
DA:24,0
DA:25,0
DA:26,0
DA:27,0
DA:30,0
DA:31,0
DA:33,0
DA:36,0
DA:37,0
DA:48,0
DA:57,0
DA:58,0
DA:60,0
DA:63,0
DA:66,0
LF:22
LH:0
BRDA:25,0,0,0
BRDA:25,0,1,0
BRDA:40,1,0,0
BRDA:40,1,1,0
BRDA:40,2,0,0
BRDA:40,2,1,0
BRDA:41,3,0,0
BRDA:41,3,1,0
BRDA:41,4,0,0
BRDA:41,4,1,0
BRDA:41,5,0,0
BRDA:41,5,1,0
BRDA:43,6,0,0
BRDA:43,6,1,0
BRDA:57,7,0,0
BRDA:57,7,1,0
BRDA:66,8,0,0
BRDA:66,8,1,0
BRDA:67,9,0,0
BRDA:67,9,1,0
BRF:20
BRH:0
end_of_record
TN:
SF:screens/SettingsScreen.js
FN:17,SettingsScreen
FN:25,(anonymous_1)
FN:27,fetchData
FN:45,(anonymous_3)
FN:78,(anonymous_4)
FN:86,(anonymous_5)
FN:108,(anonymous_6)
FN:109,(anonymous_7)
FN:131,(anonymous_8)
FN:134,(anonymous_9)
FN:164,(anonymous_10)
FN:170,(anonymous_11)
FN:177,(anonymous_12)
FN:183,(anonymous_13)
FN:189,(anonymous_14)
FN:203,(anonymous_15)
FN:204,(anonymous_16)
FN:208,(anonymous_17)
FN:209,(anonymous_18)
FN:217,(anonymous_19)
FN:221,(anonymous_20)
FN:222,(anonymous_21)
FN:222,(anonymous_22)
FN:226,(anonymous_23)
FNF:24
FNH:0
FNDA:0,SettingsScreen
FNDA:0,(anonymous_1)
FNDA:0,fetchData
FNDA:0,(anonymous_3)
FNDA:0,(anonymous_4)
FNDA:0,(anonymous_5)
FNDA:0,(anonymous_6)
FNDA:0,(anonymous_7)
FNDA:0,(anonymous_8)
FNDA:0,(anonymous_9)
FNDA:0,(anonymous_10)
FNDA:0,(anonymous_11)
FNDA:0,(anonymous_12)
FNDA:0,(anonymous_13)
FNDA:0,(anonymous_14)
FNDA:0,(anonymous_15)
FNDA:0,(anonymous_16)
FNDA:0,(anonymous_17)
FNDA:0,(anonymous_18)
FNDA:0,(anonymous_19)
FNDA:0,(anonymous_20)
FNDA:0,(anonymous_21)
FNDA:0,(anonymous_22)
FNDA:0,(anonymous_23)
DA:18,0
DA:19,0
DA:20,0
DA:21,0
DA:22,0
DA:23,0
DA:25,0
DA:26,0
DA:28,0
DA:30,0
DA:31,0
DA:32,0
DA:33,0
DA:38,0
DA:40,0
DA:42,0
DA:45,0
DA:46,0
DA:47,0
DA:48,0
DA:50,0
DA:53,0
DA:54,0
DA:55,0
DA:57,0
DA:58,0
DA:63,0
DA:65,0
DA:67,0
DA:69,0
DA:71,0
DA:75,0
DA:78,0
DA:79,0
DA:80,0
DA:81,0
DA:83,0
DA:86,0
DA:87,0
DA:88,0
DA:90,0
DA:91,0
DA:92,0
DA:94,0
DA:95,0
DA:96,0
DA:97,0
DA:98,0
DA:103,0
DA:105,0
DA:108,0
DA:109,0
DA:110,0
DA:111,0
DA:112,0
DA:113,0
DA:114,0
DA:115,0
DA:117,0
DA:118,0
DA:119,0
DA:120,0
DA:121,0
DA:127,0
DA:128,0
DA:131,0
DA:134,0
DA:135,0
DA:136,0
DA:138,0
DA:139,0
DA:140,0
DA:142,0
DA:143,0
DA:144,0
DA:145,0
DA:146,0
DA:151,0
DA:153,0
DA:156,0
DA:157,0
DA:160,0
DA:164,0
DA:170,0
DA:178,0
DA:179,0
DA:184,0
DA:185,0
DA:190,0
DA:191,0
DA:203,0
DA:204,0
DA:208,0
DA:209,0
DA:218,0
DA:219,0
DA:220,0
DA:221,0
DA:222,0
DA:223,0
DA:224,0
DA:225,0
DA:226,0
LF:103
LH:0
BRDA:30,0,0,0
BRDA:30,0,1,0
BRDA:57,1,0,0
BRDA:57,1,1,0
BRDA:95,2,0,0
BRDA:95,2,1,0
BRDA:119,3,0,0
BRDA:119,3,1,0
BRDA:143,4,0,0
BRDA:143,4,1,0
BRDA:156,5,0,0
BRDA:156,5,1,0
BRDA:177,6,0,0
BRDA:177,6,1,0
BRDA:177,6,2,0
BRDA:182,7,0,0
BRDA:182,7,1,0
BRDA:182,7,2,0
BRDA:182,7,3,0
BRDA:188,8,0,0
BRDA:188,8,1,0
BRDA:188,8,2,0
BRDA:188,8,3,0
BRF:23
BRH:0
end_of_record
TN:
SF:screens/SpendingReportScreen.js
FN:23,SpendingReportScreen
FN:54,(anonymous_1)
FN:54,(anonymous_2)
FN:54,(anonymous_3)
FN:56,(anonymous_4)
FN:62,(anonymous_5)
FN:78,(anonymous_6)
FN:119,(anonymous_7)
FN:151,(anonymous_8)
FN:159,(anonymous_9)
FN:162,(anonymous_10)
FN:194,(anonymous_11)
FN:207,(anonymous_12)
FN:217,(anonymous_13)
FN:223,(anonymous_14)
FN:254,(anonymous_15)
FN:261,(anonymous_16)
FN:268,(anonymous_17)
FN:275,(anonymous_18)
FN:281,(anonymous_19)
FN:288,(anonymous_20)
FN:298,(anonymous_21)
FN:299,(anonymous_22)
FN:308,(anonymous_23)
FN:309,(anonymous_24)
FN:313,(anonymous_25)
FN:314,(anonymous_26)
FN:318,(anonymous_27)
FN:327,(anonymous_28)
FN:327,(anonymous_29)
FN:329,(anonymous_30)
FN:333,(anonymous_31)
FN:351,(anonymous_32)
FN:362,(anonymous_33)
FN:377,(anonymous_34)
FN:382,(anonymous_35)
FN:383,(anonymous_36)
FNF:37
FNH:0
FNDA:0,SpendingReportScreen
FNDA:0,(anonymous_1)
FNDA:0,(anonymous_2)
FNDA:0,(anonymous_3)
FNDA:0,(anonymous_4)
FNDA:0,(anonymous_5)
FNDA:0,(anonymous_6)
FNDA:0,(anonymous_7)
FNDA:0,(anonymous_8)
FNDA:0,(anonymous_9)
FNDA:0,(anonymous_10)
FNDA:0,(anonymous_11)
FNDA:0,(anonymous_12)
FNDA:0,(anonymous_13)
FNDA:0,(anonymous_14)
FNDA:0,(anonymous_15)
FNDA:0,(anonymous_16)
FNDA:0,(anonymous_17)
FNDA:0,(anonymous_18)
FNDA:0,(anonymous_19)
FNDA:0,(anonymous_20)
FNDA:0,(anonymous_21)
FNDA:0,(anonymous_22)
FNDA:0,(anonymous_23)
FNDA:0,(anonymous_24)
FNDA:0,(anonymous_25)
FNDA:0,(anonymous_26)
FNDA:0,(anonymous_27)
FNDA:0,(anonymous_28)
FNDA:0,(anonymous_29)
FNDA:0,(anonymous_30)
FNDA:0,(anonymous_31)
FNDA:0,(anonymous_32)
FNDA:0,(anonymous_33)
FNDA:0,(anonymous_34)
FNDA:0,(anonymous_35)
FNDA:0,(anonymous_36)
DA:24,0
DA:25,0
DA:29,0
DA:30,0
DA:31,0
DA:32,0
DA:33,0
DA:34,0
DA:35,0
DA:36,0
DA:37,0
DA:38,0
DA:39,0
DA:40,0
DA:41,0
DA:42,0
DA:51,0
DA:52,0
DA:54,0
DA:56,0
DA:57,0
DA:60,0
DA:62,0
DA:63,0
DA:64,0
DA:66,0
DA:67,0
DA:69,0
DA:74,0
DA:78,0
DA:79,0
DA:81,0
DA:83,0
DA:85,0
DA:86,0
DA:87,0
DA:93,0
DA:95,0
DA:96,0
DA:97,0
DA:98,0
DA:99,0
DA:100,0
DA:101,0
DA:104,0
DA:105,0
DA:106,0
DA:108,0
DA:109,0
DA:110,0
DA:111,0
DA:115,0
DA:119,0
DA:124,0
DA:126,0
DA:127,0
DA:128,0
DA:130,0
DA:131,0
DA:134,0
DA:135,0
DA:141,0
DA:142,0
DA:143,0
DA:145,0
DA:147,0
DA:148,0
DA:151,0
DA:152,0
DA:153,0
DA:156,0
DA:159,0
DA:160,0
DA:161,0
DA:163,0
DA:164,0
DA:168,0
DA:181,0
DA:182,0
DA:185,0
DA:195,0
DA:196,0
DA:208,0
DA:209,0
DA:218,0
DA:219,0
DA:220,0
DA:223,0
DA:255,0
DA:256,0
DA:257,0
DA:261,0
DA:268,0
DA:275,0
DA:281,0
DA:288,0
DA:298,0
DA:299,0
DA:308,0
DA:309,0
DA:313,0
DA:314,0
DA:318,0
DA:327,0
DA:330,0
DA:334,0
DA:352,0
DA:362,0
DA:377,0
DA:382,0
DA:383,0
LF:111
LH:0
BRDA:63,0,0,0
BRDA:63,0,1,0
BRDA:66,1,0,0
BRDA:66,1,1,0
BRDA:66,2,0,0
BRDA:66,2,1,0
BRDA:85,3,0,0
BRDA:85,3,1,0
BRDA:100,4,0,0
BRDA:100,4,1,0
BRDA:100,5,0,0
BRDA:100,5,1,0
BRDA:104,6,0,0
BRDA:104,6,1,0
BRDA:105,7,0,0
BRDA:105,7,1,0
BRDA:110,8,0,0
BRDA:110,8,1,0
BRDA:116,9,0,0
BRDA:116,9,1,0
BRDA:120,10,0,0
BRDA:120,10,1,0
BRDA:126,11,0,0
BRDA:126,11,1,0
BRDA:126,12,0,0
BRDA:126,12,1,0
BRDA:126,12,2,0
BRDA:127,13,0,0
BRDA:127,13,1,0
BRDA:130,14,0,0
BRDA:130,14,1,0
BRDA:130,15,0,0
BRDA:130,15,1,0
BRDA:134,16,0,0
BRDA:134,16,1,0
BRDA:134,17,0,0
BRDA:134,17,1,0
BRDA:142,18,0,0
BRDA:142,18,1,0
BRDA:152,19,0,0
BRDA:152,19,1,0
BRDA:163,20,0,0
BRDA:163,20,1,0
BRDA:176,21,0,0
BRDA:176,21,1,0
BRDA:181,22,0,0
BRDA:181,22,1,0
BRDA:190,23,0,0
BRDA:190,23,1,0
BRDA:198,24,0,0
BRDA:198,24,1,0
BRDA:203,25,0,0
BRDA:203,25,1,0
BRDA:211,26,0,0
BRDA:211,26,1,0
BRDA:216,27,0,0
BRDA:216,27,1,0
BRDA:255,28,0,0
BRDA:255,28,1,0
BRDA:308,29,0,0
BRDA:308,29,1,0
BRDA:313,30,0,0
BRDA:313,30,1,0
BRDA:323,31,0,0
BRDA:323,31,1,0
BRDA:330,32,0,0
BRDA:330,32,1,0
BRDA:335,33,0,0
BRDA:335,33,1,0
BRDA:349,34,0,0
BRDA:349,34,1,0
BRDA:358,35,0,0
BRDA:358,35,1,0
BRDA:359,36,0,0
BRDA:359,36,1,0
BRDA:362,37,0,0
BRDA:362,37,1,0
BRDA:378,38,0,0
BRDA:378,38,1,0
BRDA:383,39,0,0
BRDA:383,39,1,0
BRDA:383,39,2,0
BRF:82
BRH:0
end_of_record
TN:
SF:screens/SpendingScreen.js
FN:20,SpendingScreen
FN:43,(anonymous_1)
FN:46,fetchData
FN:65,(anonymous_3)
FN:66,fetchData
FN:106,(anonymous_5)
FN:107,(anonymous_6)
FN:117,(anonymous_7)
FN:120,(anonymous_8)
FN:132,(anonymous_9)
FN:163,(anonymous_10)
FN:167,(anonymous_11)
FN:177,(anonymous_12)
FN:183,(anonymous_13)
FN:196,(anonymous_14)
FN:202,(anonymous_15)
FN:215,(anonymous_16)
FN:222,(anonymous_17)
FN:228,(anonymous_18)
FN:230,(anonymous_19)
FN:241,(anonymous_20)
FN:261,(anonymous_21)
FN:273,(anonymous_22)
FN:283,(anonymous_23)
FN:292,(anonymous_24)
FN:300,(anonymous_25)
FNF:26
FNH:0
FNDA:0,SpendingScreen
FNDA:0,(anonymous_1)
FNDA:0,fetchData
FNDA:0,(anonymous_3)
FNDA:0,fetchData
FNDA:0,(anonymous_5)
FNDA:0,(anonymous_6)
FNDA:0,(anonymous_7)
FNDA:0,(anonymous_8)
FNDA:0,(anonymous_9)
FNDA:0,(anonymous_10)
FNDA:0,(anonymous_11)
FNDA:0,(anonymous_12)
FNDA:0,(anonymous_13)
FNDA:0,(anonymous_14)
FNDA:0,(anonymous_15)
FNDA:0,(anonymous_16)
FNDA:0,(anonymous_17)
FNDA:0,(anonymous_18)
FNDA:0,(anonymous_19)
FNDA:0,(anonymous_20)
FNDA:0,(anonymous_21)
FNDA:0,(anonymous_22)
FNDA:0,(anonymous_23)
FNDA:0,(anonymous_24)
FNDA:0,(anonymous_25)
DA:21,0
DA:22,0
DA:23,0
DA:24,0
DA:25,0
DA:26,0
DA:27,0
DA:29,0
DA:30,0
DA:31,0
DA:32,0
DA:33,0
DA:34,0
DA:35,0
DA:36,0
DA:37,0
DA:41,0
DA:43,0
DA:44,0
DA:45,0
DA:47,0
DA:49,0
DA:50,0
DA:51,0
DA:52,0
DA:58,0
DA:59,0
DA:60,0
DA:62,0
DA:65,0
DA:67,0
DA:68,0
DA:69,0
DA:70,0
DA:72,0
DA:73,0
DA:74,0
DA:75,0
DA:76,0
DA:77,0
DA:78,0
DA:79,0
DA:80,0
DA:82,0
DA:83,0
DA:86,0
DA:88,0
DA:89,0
DA:91,0
DA:92,0
DA:93,0
DA:94,0
DA:99,0
DA:103,0
DA:106,0
DA:107,0
DA:108,0
DA:109,0
DA:111,0
DA:112,0
DA:113,0
DA:114,0
DA:117,0
DA:120,0
DA:121,0
DA:122,0
DA:123,0
DA:124,0
DA:125,0
DA:126,0
DA:129,0
DA:132,0
DA:133,0
DA:134,0
DA:135,0
DA:138,0
DA:139,0
DA:148,0
DA:149,0
DA:150,0
DA:151,0
DA:152,0
DA:155,0
DA:156,0
DA:158,0
DA:163,0
DA:168,0
DA:169,0
DA:174,0
DA:178,0
DA:179,0
DA:180,0
DA:184,0
DA:185,0
DA:197,0
DA:198,0
DA:202,0
DA:215,0
DA:222,0
DA:228,0
DA:230,0
DA:242,0
DA:243,0
DA:262,0
DA:273,0
DA:283,0
DA:292,0
DA:300,0
LF:108
LH:0
BRDA:50,0,0,0
BRDA:50,0,1,0
BRDA:67,1,0,0
BRDA:67,1,1,0
BRDA:67,2,0,0
BRDA:67,2,1,0
BRDA:72,3,0,0
BRDA:72,3,1,0
BRDA:79,4,0,0
BRDA:79,4,1,0
BRDA:91,5,0,0
BRDA:91,5,1,0
BRDA:133,6,0,0
BRDA:133,6,1,0
BRDA:133,7,0,0
BRDA:133,7,1,0
BRDA:152,8,0,0
BRDA:152,8,1,0
BRDA:155,9,0,0
BRDA:155,9,1,0
BRDA:192,10,0,0
BRDA:192,10,1,0
BRDA:198,11,0,0
BRDA:198,11,1,0
BRDA:251,12,0,0
BRDA:251,12,1,0
BRDA:298,13,0,0
BRDA:298,13,1,0
BRF:28
BRH:0
end_of_record
TN:
SF:screens/style.js
FN:5,getStyles
FN:33,(anonymous_1)
FNF:2
FNH:0
FNDA:0,getStyles
FNDA:0,(anonymous_1)
DA:6,0
DA:7,0
DA:33,0
LF:3
LH:0
BRF:0
BRH:0
end_of_record
TN:
SF:utils/alert.js
FN:12,(anonymous_0)
FN:42,(anonymous_1)
FN:45,(anonymous_2)
FNF:3
FNH:0
FNDA:0,(anonymous_0)
FNDA:0,(anonymous_1)
FNDA:0,(anonymous_2)
DA:12,0
DA:19,0
DA:42,0
DA:48,0
LF:4
LH:0
BRDA:14,0,0,0
BRDA:16,1,0,0
BRDA:17,2,0,0
BRDA:44,3,0,0
BRDA:45,4,0,0
BRDA:46,5,0,0
BRF:6
BRH:0
end_of_record
TN:
SF:utils/csv.js
FN:12,(anonymous_0)
FN:13,(anonymous_1)
FN:15,(anonymous_2)
FN:16,(anonymous_3)
FN:17,(anonymous_4)
FN:22,(anonymous_5)
FNF:6
FNH:0
FNDA:0,(anonymous_0)
FNDA:0,(anonymous_1)
FNDA:0,(anonymous_2)
FNDA:0,(anonymous_3)
FNDA:0,(anonymous_4)
FNDA:0,(anonymous_5)
DA:12,0
DA:13,0
DA:14,0
DA:15,0
DA:16,0
DA:17,0
DA:22,0
DA:23,0
DA:24,0
DA:25,0
DA:26,0
DA:29,0
DA:31,0
DA:32,0
LF:14
LH:0
BRDA:15,0,0,0
BRDA:15,0,1,0
BRDA:15,1,0,0
BRDA:15,1,1,0
BRDA:22,2,0,0
BRF:5
BRH:0
end_of_record
TN:
SF:utils/date.js
FN:4,(anonymous_0)
FN:6,(anonymous_1)
FN:8,(anonymous_2)
FNF:3
FNH:0
FNDA:0,(anonymous_0)
FNDA:0,(anonymous_1)
FNDA:0,(anonymous_2)
DA:4,0
DA:6,0
DA:8,0
DA:9,0
DA:10,0
DA:11,0
DA:13,0
DA:14,0
DA:16,0
DA:17,0
DA:19,0
DA:20,0
DA:22,0
DA:23,0
DA:25,0
DA:26,0
DA:27,0
DA:29,0
DA:30,0
DA:31,0
DA:33,0
DA:36,0
DA:37,0
DA:39,0
LF:24
LH:0
BRDA:11,0,0,0
BRDA:11,0,1,0
BRDA:11,0,2,0
BRDA:11,0,3,0
BRDA:11,0,4,0
BRDA:11,0,5,0
BRDA:11,0,6,0
BRF:7
BRH:0
end_of_record
TN:
SF:utils/number.js
FN:1,(anonymous_0)
FN:7,(anonymous_1)
FNF:2
FNH:0
FNDA:0,(anonymous_0)
FNDA:0,(anonymous_1)
DA:1,0
DA:2,0
DA:3,0
DA:4,0
DA:7,0
LF:5
LH:0
BRDA:4,0,0,0
BRDA:4,0,1,0
BRF:2
BRH:0
end_of_record
TN:
SF:utils/string.js
FN:1,(anonymous_0)
FNF:1
FNH:1
FNDA:6,(anonymous_0)
DA:1,6
LF:1
LH:1
BRF:0
BRH:0
end_of_record
